This is pdfTeX, Version 3.14159265-2.6-1.40.20 (TeX Live 2019/Debian) (preloaded format=pdflatex 2021.3.25)  5 DEC 2021 15:09
entering extended mode
 restricted \write18 enabled.
 %&-line parsing enabled.
**fatal_accidents.tex
(./fatal_accidents.tex
LaTeX2e <2020-02-02> patch level 2
L3 programming layer <2020-02-14> (/usr/share/texlive/texmf-dist/tex/latex/base
/article.cls
Document Class: article 2019/12/20 v1.4l Standard LaTeX document class
(/usr/share/texlive/texmf-dist/tex/latex/base/size10.clo
File: size10.clo 2019/12/20 v1.4l Standard LaTeX file (size option)
)
\c@part=\count167
\c@section=\count168
\c@subsection=\count169
\c@subsubsection=\count170
\c@paragraph=\count171
\c@subparagraph=\count172
\c@figure=\count173
\c@table=\count174
\abovecaptionskip=\skip47
\belowcaptionskip=\skip48
\bibindent=\dimen134
) (/usr/share/texlive/texmf-dist/tex/latex/etoolbox/etoolbox.sty
Package: etoolbox 2019/09/21 v2.5h e-TeX tools for LaTeX (JAW)
\etb@tempcnta=\count175
) (/usr/share/texlive/texmf-dist/tex/latex/amsmath/amsmath.sty
Package: amsmath 2020/01/20 v2.17e AMS math features
\@mathmargin=\skip49
For additional information on amsmath, use the `?' option.
(/usr/share/texlive/texmf-dist/tex/latex/amsmath/amstext.sty
Package: amstext 2000/06/29 v2.01 AMS text
(/usr/share/texlive/texmf-dist/tex/latex/amsmath/amsgen.sty
File: amsgen.sty 1999/11/30 v2.0 generic functions
\@emptytoks=\toks14
\ex@=\dimen135
)) (/usr/share/texlive/texmf-dist/tex/latex/amsmath/amsbsy.sty
Package: amsbsy 1999/11/29 v1.2d Bold Symbols
\pmbraise@=\dimen136
) (/usr/share/texlive/texmf-dist/tex/latex/amsmath/amsopn.sty
Package: amsopn 2016/03/08 v2.02 operator names
)
\inf@bad=\count176
LaTeX Info: Redefining \frac on input line 227.
\uproot@=\count177
\leftroot@=\count178
LaTeX Info: Redefining \overline on input line 389.
\classnum@=\count179
\DOTSCASE@=\count180
LaTeX Info: Redefining \ldots on input line 486.
LaTeX Info: Redefining \dots on input line 489.
LaTeX Info: Redefining \cdots on input line 610.
\Mathstrutbox@=\box45
\strutbox@=\box46
\big@size=\dimen137
LaTeX Font Info:    Redeclaring font encoding OML on input line 733.
LaTeX Font Info:    Redeclaring font encoding OMS on input line 734.
\macc@depth=\count181
\c@MaxMatrixCols=\count182
\dotsspace@=\muskip16
\c@parentequation=\count183
\dspbrk@lvl=\count184
\tag@help=\toks15
\row@=\count185
\column@=\count186
\maxfields@=\count187
\andhelp@=\toks16
\eqnshift@=\dimen138
\alignsep@=\dimen139
\tagshift@=\dimen140
\tagwidth@=\dimen141
\totwidth@=\dimen142
\lineht@=\dimen143
\@envbody=\toks17
\multlinegap=\skip50
\multlinetaggap=\skip51
\mathdisplay@stack=\toks18
LaTeX Info: Redefining \[ on input line 2859.
LaTeX Info: Redefining \] on input line 2860.
) (/usr/share/texlive/texmf-dist/tex/latex/amsfonts/amssymb.sty
Package: amssymb 2013/01/14 v3.01 AMS font symbols
(/usr/share/texlive/texmf-dist/tex/latex/amsfonts/amsfonts.sty
Package: amsfonts 2013/01/14 v3.01 Basic AMSFonts support
\symAMSa=\mathgroup4
\symAMSb=\mathgroup5
LaTeX Font Info:    Redeclaring math symbol \hbar on input line 98.
LaTeX Font Info:    Overwriting math alphabet `\mathfrak' in version `bold'
(Font)                  U/euf/m/n --> U/euf/b/n on input line 106.
)) (/usr/share/texmf/tex/latex/lm/lmodern.sty
Package: lmodern 2009/10/30 v1.6 Latin Modern Fonts
LaTeX Font Info:    Overwriting symbol font `operators' in version `normal'
(Font)                  OT1/cmr/m/n --> OT1/lmr/m/n on input line 22.
LaTeX Font Info:    Overwriting symbol font `letters' in version `normal'
(Font)                  OML/cmm/m/it --> OML/lmm/m/it on input line 23.
LaTeX Font Info:    Overwriting symbol font `symbols' in version `normal'
(Font)                  OMS/cmsy/m/n --> OMS/lmsy/m/n on input line 24.
LaTeX Font Info:    Overwriting symbol font `largesymbols' in version `normal'
(Font)                  OMX/cmex/m/n --> OMX/lmex/m/n on input line 25.
LaTeX Font Info:    Overwriting symbol font `operators' in version `bold'
(Font)                  OT1/cmr/bx/n --> OT1/lmr/bx/n on input line 26.
LaTeX Font Info:    Overwriting symbol font `letters' in version `bold'
(Font)                  OML/cmm/b/it --> OML/lmm/b/it on input line 27.
LaTeX Font Info:    Overwriting symbol font `symbols' in version `bold'
(Font)                  OMS/cmsy/b/n --> OMS/lmsy/b/n on input line 28.
LaTeX Font Info:    Overwriting symbol font `largesymbols' in version `bold'
(Font)                  OMX/cmex/m/n --> OMX/lmex/m/n on input line 29.
LaTeX Font Info:    Overwriting math alphabet `\mathbf' in version `normal'
(Font)                  OT1/cmr/bx/n --> OT1/lmr/bx/n on input line 31.
LaTeX Font Info:    Overwriting math alphabet `\mathsf' in version `normal'
(Font)                  OT1/cmss/m/n --> OT1/lmss/m/n on input line 32.
LaTeX Font Info:    Overwriting math alphabet `\mathit' in version `normal'
(Font)                  OT1/cmr/m/it --> OT1/lmr/m/it on input line 33.
LaTeX Font Info:    Overwriting math alphabet `\mathtt' in version `normal'
(Font)                  OT1/cmtt/m/n --> OT1/lmtt/m/n on input line 34.
LaTeX Font Info:    Overwriting math alphabet `\mathbf' in version `bold'
(Font)                  OT1/cmr/bx/n --> OT1/lmr/bx/n on input line 35.
LaTeX Font Info:    Overwriting math alphabet `\mathsf' in version `bold'
(Font)                  OT1/cmss/bx/n --> OT1/lmss/bx/n on input line 36.
LaTeX Font Info:    Overwriting math alphabet `\mathit' in version `bold'
(Font)                  OT1/cmr/bx/it --> OT1/lmr/bx/it on input line 37.
LaTeX Font Info:    Overwriting math alphabet `\mathtt' in version `bold'
(Font)                  OT1/cmtt/m/n --> OT1/lmtt/m/n on input line 38.
) (/usr/share/texlive/texmf-dist/tex/generic/iftex/iftex.sty
Package: iftex 2019/11/07 v1.0c TeX engine tests
) (/usr/share/texlive/texmf-dist/tex/latex/base/fontenc.sty
Package: fontenc 2020/02/11 v2.0o Standard LaTeX package
LaTeX Font Info:    Trying to load font information for T1+lmr on input line 11
2.
(/usr/share/texmf/tex/latex/lm/t1lmr.fd
File: t1lmr.fd 2009/10/30 v1.6 Font defs for Latin Modern
)) (/usr/share/texlive/texmf-dist/tex/latex/base/inputenc.sty
Package: inputenc 2018/08/11 v1.3c Input encoding file
\inpenc@prehook=\toks19
\inpenc@posthook=\toks20
) (/usr/share/texlive/texmf-dist/tex/latex/base/textcomp.sty
Package: textcomp 2020/02/02 v2.0n Standard LaTeX package
) (/usr/share/texlive/texmf-dist/tex/latex/upquote/upquote.sty
Package: upquote 2012/04/19 v1.3 upright-quote and grave-accent glyphs in verba
tim
) (/usr/share/texlive/texmf-dist/tex/latex/microtype/microtype.sty
Package: microtype 2019/11/18 v2.7d Micro-typographical refinements (RS)
(/usr/share/texlive/texmf-dist/tex/latex/graphics/keyval.sty
Package: keyval 2014/10/28 v1.15 key=value parser (DPC)
\KV@toks@=\toks21
)
\MT@toks=\toks22
\MT@count=\count188
LaTeX Info: Redefining \textls on input line 790.
\MT@outer@kern=\dimen144
LaTeX Info: Redefining \textmicrotypecontext on input line 1354.
\MT@listname@count=\count189
(/usr/share/texlive/texmf-dist/tex/latex/microtype/microtype-pdftex.def
File: microtype-pdftex.def 2019/11/18 v2.7d Definitions specific to pdftex (RS)

LaTeX Info: Redefining \lsstyle on input line 914.
LaTeX Info: Redefining \lslig on input line 914.
\MT@outer@space=\skip52
)
Package microtype Info: Loading configuration file microtype.cfg.
(/usr/share/texlive/texmf-dist/tex/latex/microtype/microtype.cfg
File: microtype.cfg 2019/11/18 v2.7d microtype main configuration file (RS)
)) (/usr/share/texlive/texmf-dist/tex/latex/parskip/parskip.sty
Package: parskip 2020-01-22 v2.0d non-zero parskip adjustments
(/usr/share/texlive/texmf-dist/tex/latex/kvoptions/kvoptions.sty
Package: kvoptions 2019/11/29 v3.13 Key value format for package options (HO)
(/usr/share/texlive/texmf-dist/tex/generic/ltxcmds/ltxcmds.sty
Package: ltxcmds 2019/12/15 v1.24 LaTeX kernel commands for general use (HO)
) (/usr/share/texlive/texmf-dist/tex/generic/kvsetkeys/kvsetkeys.sty
Package: kvsetkeys 2019/12/15 v1.18 Key value parser (HO)
))) (/usr/share/texlive/texmf-dist/tex/latex/xcolor/xcolor.sty
Package: xcolor 2016/05/11 v2.12 LaTeX color extensions (UK)
(/usr/share/texlive/texmf-dist/tex/latex/graphics-cfg/color.cfg
File: color.cfg 2016/01/02 v1.6 sample color configuration
)
Package xcolor Info: Driver file: pdftex.def on input line 225.
(/usr/share/texlive/texmf-dist/tex/latex/graphics-def/pdftex.def
File: pdftex.def 2018/01/08 v1.0l Graphics/color driver for pdftex
)
Package xcolor Info: Model `cmy' substituted by `cmy0' on input line 1348.
Package xcolor Info: Model `hsb' substituted by `rgb' on input line 1352.
Package xcolor Info: Model `RGB' extended on input line 1364.
Package xcolor Info: Model `HTML' substituted by `rgb' on input line 1366.
Package xcolor Info: Model `Hsb' substituted by `hsb' on input line 1367.
Package xcolor Info: Model `tHsb' substituted by `hsb' on input line 1368.
Package xcolor Info: Model `HSB' substituted by `hsb' on input line 1369.
Package xcolor Info: Model `Gray' substituted by `gray' on input line 1370.
Package xcolor Info: Model `wave' substituted by `hsb' on input line 1371.
) (/usr/share/texlive/texmf-dist/tex/latex/xurl/xurl.sty
Package: xurl 2020/01/24 v 0.09 modify URL breaks
(/usr/share/texlive/texmf-dist/tex/latex/url/url.sty
\Urlmuskip=\muskip17
Package: url 2013/09/16  ver 3.4  Verb mode for urls, etc.
)) (/usr/share/texlive/texmf-dist/tex/latex/bookmark/bookmark.sty
Package: bookmark 2019/12/03 v1.28 PDF bookmarks (HO)
(/usr/share/texlive/texmf-dist/tex/latex/hyperref/hyperref.sty
Package: hyperref 2020/01/14 v7.00d Hypertext links for LaTeX
(/usr/share/texlive/texmf-dist/tex/latex/pdftexcmds/pdftexcmds.sty
Package: pdftexcmds 2019/11/24 v0.31 Utility functions of pdfTeX for LuaTeX (HO
)
(/usr/share/texlive/texmf-dist/tex/generic/infwarerr/infwarerr.sty
Package: infwarerr 2019/12/03 v1.5 Providing info/warning/error messages (HO)
)
Package pdftexcmds Info: \pdf@primitive is available.
Package pdftexcmds Info: \pdf@ifprimitive is available.
Package pdftexcmds Info: \pdfdraftmode found.
) (/usr/share/texlive/texmf-dist/tex/generic/kvdefinekeys/kvdefinekeys.sty
Package: kvdefinekeys 2019-12-19 v1.6 Define keys (HO)
) (/usr/share/texlive/texmf-dist/tex/generic/pdfescape/pdfescape.sty
Package: pdfescape 2019/12/09 v1.15 Implements pdfTeX's escape features (HO)
) (/usr/share/texlive/texmf-dist/tex/latex/hycolor/hycolor.sty
Package: hycolor 2020-01-27 v1.10 Color options for hyperref/bookmark (HO)
) (/usr/share/texlive/texmf-dist/tex/latex/letltxmacro/letltxmacro.sty
Package: letltxmacro 2019/12/03 v1.6 Let assignment for LaTeX macros (HO)
) (/usr/share/texlive/texmf-dist/tex/latex/auxhook/auxhook.sty
Package: auxhook 2019-12-17 v1.6 Hooks for auxiliary files (HO)
)
\@linkdim=\dimen145
\Hy@linkcounter=\count190
\Hy@pagecounter=\count191
(/usr/share/texlive/texmf-dist/tex/latex/hyperref/pd1enc.def
File: pd1enc.def 2020/01/14 v7.00d Hyperref: PDFDocEncoding definition (HO)
Now handling font encoding PD1 ...
... no UTF-8 mapping file for font encoding PD1
) (/usr/share/texlive/texmf-dist/tex/generic/intcalc/intcalc.sty
Package: intcalc 2019/12/15 v1.3 Expandable calculations with integers (HO)
) (/usr/share/texlive/texmf-dist/tex/generic/etexcmds/etexcmds.sty
Package: etexcmds 2019/12/15 v1.7 Avoid name clashes with e-TeX commands (HO)
)
\Hy@SavedSpaceFactor=\count192
\pdfmajorversion=\count193
Package hyperref Info: Option `unicode' set `true' on input line 4421.
(/usr/share/texlive/texmf-dist/tex/latex/hyperref/puenc.def
File: puenc.def 2020/01/14 v7.00d Hyperref: PDF Unicode definition (HO)
Now handling font encoding PU ...
... no UTF-8 mapping file for font encoding PU
)
Package hyperref Info: Hyper figures OFF on input line 4547.
Package hyperref Info: Link nesting OFF on input line 4552.
Package hyperref Info: Hyper index ON on input line 4555.
Package hyperref Info: Plain pages OFF on input line 4562.
Package hyperref Info: Backreferencing OFF on input line 4567.
Package hyperref Info: Implicit mode ON; LaTeX internals redefined.
Package hyperref Info: Bookmarks ON on input line 4800.
\c@Hy@tempcnt=\count194
LaTeX Info: Redefining \url on input line 5159.
\XeTeXLinkMargin=\dimen146
(/usr/share/texlive/texmf-dist/tex/generic/bitset/bitset.sty
Package: bitset 2019/12/09 v1.3 Handle bit-vector datatype (HO)
(/usr/share/texlive/texmf-dist/tex/generic/bigintcalc/bigintcalc.sty
Package: bigintcalc 2019/12/15 v1.5 Expandable calculations on big integers (HO
)
))
\Fld@menulength=\count195
\Field@Width=\dimen147
\Fld@charsize=\dimen148
Package hyperref Info: Hyper figures OFF on input line 6430.
Package hyperref Info: Link nesting OFF on input line 6435.
Package hyperref Info: Hyper index ON on input line 6438.
Package hyperref Info: backreferencing OFF on input line 6445.
Package hyperref Info: Link coloring OFF on input line 6450.
Package hyperref Info: Link coloring with OCG OFF on input line 6455.
Package hyperref Info: PDF/A mode OFF on input line 6460.
LaTeX Info: Redefining \ref on input line 6500.
LaTeX Info: Redefining \pageref on input line 6504.
(/usr/share/texlive/texmf-dist/tex/generic/atbegshi/atbegshi.sty
Package: atbegshi 2019/12/05 v1.19 At begin shipout hook (HO)
)
\Hy@abspage=\count196
\c@Item=\count197
\c@Hfootnote=\count198
)
Package hyperref Info: Driver (autodetected): hpdftex.
(/usr/share/texlive/texmf-dist/tex/latex/hyperref/hpdftex.def
File: hpdftex.def 2020/01/14 v7.00d Hyperref driver for pdfTeX
(/usr/share/texlive/texmf-dist/tex/latex/atveryend/atveryend.sty
Package: atveryend 2019-12-11 v1.11 Hooks at the very end of document (HO)
)
\Fld@listcount=\count199
\c@bookmark@seq@number=\count266
(/usr/share/texlive/texmf-dist/tex/latex/rerunfilecheck/rerunfilecheck.sty
Package: rerunfilecheck 2019/12/05 v1.9 Rerun checks for auxiliary files (HO)
(/usr/share/texlive/texmf-dist/tex/generic/uniquecounter/uniquecounter.sty
Package: uniquecounter 2019/12/15 v1.4 Provide unlimited unique counter (HO)
)
Package uniquecounter Info: New unique counter `rerunfilecheck' on input line 2
86.
)
\Hy@SectionHShift=\skip53
) (/usr/share/texlive/texmf-dist/tex/latex/bookmark/bkm-pdftex.def
File: bkm-pdftex.def 2019/12/03 v1.28 bookmark driver for pdfTeX (HO)
\BKM@id=\count267
)) (/usr/share/texlive/texmf-dist/tex/latex/geometry/geometry.sty
Package: geometry 2020/01/02 v5.9 Page Geometry
(/usr/share/texlive/texmf-dist/tex/generic/iftex/ifvtex.sty
Package: ifvtex 2019/10/25 v1.7 ifvtex legacy package. Use iftex instead.
)
\Gm@cnth=\count268
\Gm@cntv=\count269
\c@Gm@tempcnt=\count270
\Gm@bindingoffset=\dimen149
\Gm@wd@mp=\dimen150
\Gm@odd@mp=\dimen151
\Gm@even@mp=\dimen152
\Gm@layoutwidth=\dimen153
\Gm@layoutheight=\dimen154
\Gm@layouthoffset=\dimen155
\Gm@layoutvoffset=\dimen156
\Gm@dimlist=\toks23
) (/usr/share/texlive/texmf-dist/tex/latex/fancyvrb/fancyvrb.sty
Package: fancyvrb 2020/01/13 v3.5 verbatim text (tvz,hv)
\FV@CodeLineNo=\count271
\FV@InFile=\read2
\FV@TabBox=\box47
\c@FancyVerbLine=\count272
\FV@StepNumber=\count273
\FV@OutFile=\write3
) (/usr/share/texlive/texmf-dist/tex/latex/framed/framed.sty
Package: framed 2011/10/22 v 0.96: framed or shaded text with page breaks
\OuterFrameSep=\skip54
\fb@frw=\dimen157
\fb@frh=\dimen158
\FrameRule=\dimen159
\FrameSep=\dimen160
) (/usr/share/texlive/texmf-dist/tex/latex/graphics/graphicx.sty
Package: graphicx 2019/11/30 v1.2a Enhanced LaTeX Graphics (DPC,SPQR)
(/usr/share/texlive/texmf-dist/tex/latex/graphics/graphics.sty
Package: graphics 2019/11/30 v1.4a Standard LaTeX Graphics (DPC,SPQR)
(/usr/share/texlive/texmf-dist/tex/latex/graphics/trig.sty
Package: trig 2016/01/03 v1.10 sin cos tan (DPC)
) (/usr/share/texlive/texmf-dist/tex/latex/graphics-cfg/graphics.cfg
File: graphics.cfg 2016/06/04 v1.11 sample graphics configuration
)
Package graphics Info: Driver file: pdftex.def on input line 105.
)
\Gin@req@height=\dimen161
\Gin@req@width=\dimen162
) (/usr/share/texlive/texmf-dist/tex/latex/booktabs/booktabs.sty
Package: booktabs 2020/01/12 v1.61803398 Publication quality tables
\heavyrulewidth=\dimen163
\lightrulewidth=\dimen164
\cmidrulewidth=\dimen165
\belowrulesep=\dimen166
\belowbottomsep=\dimen167
\aboverulesep=\dimen168
\abovetopsep=\dimen169
\cmidrulesep=\dimen170
\cmidrulekern=\dimen171
\defaultaddspace=\dimen172
\@cmidla=\count274
\@cmidlb=\count275
\@aboverulesep=\dimen173
\@belowrulesep=\dimen174
\@thisruleclass=\count276
\@lastruleclass=\count277
\@thisrulewidth=\dimen175
) (/usr/share/texlive/texmf-dist/tex/latex/tools/longtable.sty
Package: longtable 2020/01/07 v4.13 Multi-page Table package (DPC)
\LTleft=\skip55
\LTright=\skip56
\LTpre=\skip57
\LTpost=\skip58
\LTchunksize=\count278
\LTcapwidth=\dimen176
\LT@head=\box48
\LT@firsthead=\box49
\LT@foot=\box50
\LT@lastfoot=\box51
\LT@cols=\count279
\LT@rows=\count280
\c@LT@tables=\count281
\c@LT@chunks=\count282
\LT@p@ftn=\toks24
) (/usr/share/texlive/texmf-dist/tex/latex/tools/array.sty
Package: array 2019/08/31 v2.4l Tabular extension package (FMi)
\col@sep=\dimen177
\ar@mcellbox=\box52
\extrarowheight=\dimen178
\NC@list=\toks25
\extratabsurround=\skip59
\backup@length=\skip60
\ar@cellbox=\box53
) (/usr/share/texlive/texmf-dist/tex/latex/multirow/multirow.sty
Package: multirow 2019/05/31 v2.5 Span multiple rows of a table
\multirow@colwidth=\skip61
\multirow@cntb=\count283
\multirow@dima=\skip62
\bigstrutjot=\dimen179
) (/usr/share/texlive/texmf-dist/tex/latex/wrapfig/wrapfig.sty
\wrapoverhang=\dimen180
\WF@size=\dimen181
\c@WF@wrappedlines=\count284
\WF@box=\box54
\WF@everypar=\toks26
Package: wrapfig 2003/01/31  v 3.6
) (/usr/share/texlive/texmf-dist/tex/latex/float/float.sty
Package: float 2001/11/08 v1.3d Float enhancements (AL)
\c@float@type=\count285
\float@exts=\toks27
\float@box=\box55
\@float@everytoks=\toks28
\@floatcapt=\box56
) (/usr/share/texlive/texmf-dist/tex/latex/colortbl/colortbl.sty
Package: colortbl 2020/01/04 v1.0e Color table columns (DPC)
\everycr=\toks29
\minrowclearance=\skip63
) (/usr/share/texlive/texmf-dist/tex/latex/pdflscape/pdflscape.sty
Package: pdflscape 2019/12/05 v0.12 Display of landscape pages in PDF (HO)
(/usr/share/texlive/texmf-dist/tex/latex/graphics/lscape.sty
Package: lscape 2000/10/22 v3.01 Landscape Pages (DPC)
)
Package pdflscape Info: Auto-detected driver: pdftex on input line 81.
) (/usr/share/texlive/texmf-dist/tex/latex/tabu/tabu.sty
Package: tabu 2019/01/11 v2.9 - flexible LaTeX tabulars (FC+tabu-fixed) + inter
mediate FMi
(/usr/share/texlive/texmf-dist/tex/latex/varwidth/varwidth.sty
Package: varwidth 2009/03/30 ver 0.92;  Variable-width minipages
\@vwid@box=\box57
\sift@deathcycles=\count286
\@vwid@loff=\dimen182
\@vwid@roff=\dimen183
)
\c@taburow=\count287
\tabu@nbcols=\count288
\tabu@cnt=\count289
\tabu@Xcol=\count290
\tabu@alloc=\count291
\tabu@nested=\count292
\tabu@target=\dimen184
\tabu@spreadtarget=\dimen185
\tabu@naturalX=\dimen186
\tabucolX=\dimen187
\tabu@Xsum=\dimen188
\extrarowdepth=\dimen189
\abovetabulinesep=\dimen190
\belowtabulinesep=\dimen191
\tabustrutrule=\dimen192
\tabu@thebody=\toks30
\tabu@footnotes=\toks31
\tabu@box=\box58
\tabu@arstrutbox=\box59
\tabu@hleads=\box60
\tabu@vleads=\box61
\tabu@cellskip=\skip64
) (/usr/share/texlive/texmf-dist/tex/latex/threeparttable/threeparttable.sty
Package: threeparttable 2003/06/13  v 3.0
\@tempboxb=\box62
) (/usr/share/texlive/texmf-dist/tex/latex/threeparttablex/threeparttablex.sty
Package: threeparttablex 2013/07/23 v0.3 by daleif
(/usr/share/texlive/texmf-dist/tex/latex/environ/environ.sty
Package: environ 2014/05/04 v0.3 A new way to define environments
(/usr/share/texlive/texmf-dist/tex/latex/trimspaces/trimspaces.sty
Package: trimspaces 2009/09/17 v1.1 Trim spaces around a token list
))
\TPTL@width=\skip65
) (/usr/share/texlive/texmf-dist/tex/generic/ulem/ulem.sty
\UL@box=\box63
\UL@hyphenbox=\box64
\UL@skip=\skip66
\UL@hook=\toks32
\UL@height=\dimen193
\UL@pe=\count293
\UL@pixel=\dimen194
\ULC@box=\box65
Package: ulem 2019/11/18
\ULdepth=\dimen195
) (/usr/share/texlive/texmf-dist/tex/latex/makecell/makecell.sty
Package: makecell 2009/08/03 V0.1e Managing of Tab Column Heads and Cells
\rotheadsize=\dimen196
\c@nlinenum=\count294
\TeXr@lab=\toks33
) (/usr/share/texlive/texmf-dist/tex/latex/l3backend/l3backend-pdfmode.def
File: l3backend-pdfmode.def 2020-02-03 L3 backend support: PDF mode
\l__kernel_color_stack_int=\count295
\l__pdf_internal_box=\box66
) (./fatal_accidents.aux)
\openout1 = `fatal_accidents.aux'.

LaTeX Font Info:    Checking defaults for OML/cmm/m/it on input line 133.
LaTeX Font Info:    ... okay on input line 133.
LaTeX Font Info:    Checking defaults for OMS/cmsy/m/n on input line 133.
LaTeX Font Info:    ... okay on input line 133.
LaTeX Font Info:    Checking defaults for OT1/cmr/m/n on input line 133.
LaTeX Font Info:    ... okay on input line 133.
LaTeX Font Info:    Checking defaults for T1/cmr/m/n on input line 133.
LaTeX Font Info:    ... okay on input line 133.
LaTeX Font Info:    Checking defaults for TS1/cmr/m/n on input line 133.
LaTeX Font Info:    ... okay on input line 133.
LaTeX Font Info:    Checking defaults for OMX/cmex/m/n on input line 133.
LaTeX Font Info:    ... okay on input line 133.
LaTeX Font Info:    Checking defaults for U/cmr/m/n on input line 133.
LaTeX Font Info:    ... okay on input line 133.
LaTeX Font Info:    Checking defaults for PD1/pdf/m/n on input line 133.
LaTeX Font Info:    ... okay on input line 133.
LaTeX Font Info:    Checking defaults for PU/pdf/m/n on input line 133.
LaTeX Font Info:    ... okay on input line 133.
LaTeX Info: Redefining \microtypecontext on input line 133.
Package microtype Info: Generating PDF output.
Package microtype Info: Character protrusion enabled (level 2).
Package microtype Info: Using protrusion set `basicmath'.
Package microtype Info: Automatic font expansion enabled (level 2),
(microtype)             stretch: 20, shrink: 20, step: 1, non-selected.
Package microtype Info: Using default expansion set `basictext'.
LaTeX Info: Redefining \showhyphens on input line 133.
Package microtype Info: No adjustment of tracking.
Package microtype Info: No adjustment of interword spacing.
Package microtype Info: No adjustment of character kerning.
(/usr/share/texlive/texmf-dist/tex/latex/microtype/mt-cmr.cfg
File: mt-cmr.cfg 2013/05/19 v2.2 microtype config. file: Computer Modern Roman 
(RS)
) (/usr/share/texlive/texmf-dist/tex/context/base/mkii/supp-pdf.mkii
[Loading MPS to PDF converter (version 2006.09.02).]
\scratchcounter=\count296
\scratchdimen=\dimen197
\scratchbox=\box67
\nofMPsegments=\count297
\nofMParguments=\count298
\everyMPshowfont=\toks34
\MPscratchCnt=\count299
\MPscratchDim=\dimen198
\MPnumerator=\count300
\makeMPintoPDFobject=\count301
\everyMPtoPDFconversion=\toks35
) (/usr/share/texlive/texmf-dist/tex/latex/epstopdf-pkg/epstopdf-base.sty
Package: epstopdf-base 2020-01-24 v2.11 Base part for package epstopdf
Package epstopdf-base Info: Redefining graphics rule for `.eps' on input line 4
85.
(/usr/share/texlive/texmf-dist/tex/latex/latexconfig/epstopdf-sys.cfg
File: epstopdf-sys.cfg 2010/07/13 v1.3 Configuration of (r)epstopdf for TeX Liv
e
))
\AtBeginShipoutBox=\box68
Package hyperref Info: Link coloring OFF on input line 133.
(/usr/share/texlive/texmf-dist/tex/latex/hyperref/nameref.sty
Package: nameref 2019/09/16 v2.46 Cross-referencing by name of section
(/usr/share/texlive/texmf-dist/tex/latex/refcount/refcount.sty
Package: refcount 2019/12/15 v3.6 Data extraction from label references (HO)
) (/usr/share/texlive/texmf-dist/tex/generic/gettitlestring/gettitlestring.sty
Package: gettitlestring 2019/12/15 v1.6 Cleanup title references (HO)
)
\c@section@level=\count302
)
LaTeX Info: Redefining \ref on input line 133.
LaTeX Info: Redefining \pageref on input line 133.
LaTeX Info: Redefining \nameref on input line 133.
*geometry* driver: auto-detecting
*geometry* detected driver: pdftex
*geometry* verbose mode - [ preamble ] result:
* driver: pdftex
* paper: <default>
* layout: <same size as paper>
* layoutoffset:(h,v)=(0.0pt,0.0pt)
* modes: 
* h-part:(L,W,R)=(72.26999pt, 469.75502pt, 72.26999pt)
* v-part:(T,H,B)=(72.26999pt, 650.43001pt, 72.26999pt)
* \paperwidth=614.295pt
* \paperheight=794.96999pt
* \textwidth=469.75502pt
* \textheight=650.43001pt
* \oddsidemargin=0.0pt
* \evensidemargin=0.0pt
* \topmargin=-37.0pt
* \headheight=12.0pt
* \headsep=25.0pt
* \topskip=10.0pt
* \footskip=30.0pt
* \marginparwidth=65.0pt
* \marginparsep=11.0pt
* \columnsep=10.0pt
* \skip\footins=9.0pt plus 4.0pt minus 2.0pt
* \hoffset=0.0pt
* \voffset=0.0pt
* \mag=1000
* \@twocolumnfalse
* \@twosidefalse
* \@mparswitchfalse
* \@reversemarginfalse
* (1in=72.27pt=25.4mm, 1cm=28.453pt)

LaTeX Font Info:    Trying to load font information for OT1+lmr on input line 1
35.
(/usr/share/texmf/tex/latex/lm/ot1lmr.fd
File: ot1lmr.fd 2009/10/30 v1.6 Font defs for Latin Modern
)
LaTeX Font Info:    Trying to load font information for OML+lmm on input line 1
35.
(/usr/share/texmf/tex/latex/lm/omllmm.fd
File: omllmm.fd 2009/10/30 v1.6 Font defs for Latin Modern
)
LaTeX Font Info:    Trying to load font information for OMS+lmsy on input line 
135.
(/usr/share/texmf/tex/latex/lm/omslmsy.fd
File: omslmsy.fd 2009/10/30 v1.6 Font defs for Latin Modern
)
LaTeX Font Info:    Trying to load font information for OMX+lmex on input line 
135.
(/usr/share/texmf/tex/latex/lm/omxlmex.fd
File: omxlmex.fd 2009/10/30 v1.6 Font defs for Latin Modern
)
LaTeX Font Info:    External font `lmex10' loaded for size
(Font)              <12> on input line 135.
LaTeX Font Info:    External font `lmex10' loaded for size
(Font)              <8> on input line 135.
LaTeX Font Info:    External font `lmex10' loaded for size
(Font)              <6> on input line 135.
LaTeX Font Info:    Trying to load font information for U+msa on input line 135
.
(/usr/share/texlive/texmf-dist/tex/latex/amsfonts/umsa.fd
File: umsa.fd 2013/01/14 v3.01 AMS symbols A
) (/usr/share/texlive/texmf-dist/tex/latex/microtype/mt-msa.cfg
File: mt-msa.cfg 2006/02/04 v1.1 microtype config. file: AMS symbols (a) (RS)
)
LaTeX Font Info:    Trying to load font information for U+msb on input line 135
.
(/usr/share/texlive/texmf-dist/tex/latex/amsfonts/umsb.fd
File: umsb.fd 2013/01/14 v3.01 AMS symbols B
) (/usr/share/texlive/texmf-dist/tex/latex/microtype/mt-msb.cfg
File: mt-msb.cfg 2005/06/01 v1.0 microtype config. file: AMS symbols (b) (RS)
) (./fatal_accidents.toc
LaTeX Font Info:    External font `lmex10' loaded for size
(Font)              <10> on input line 5.
LaTeX Font Info:    External font `lmex10' loaded for size
(Font)              <7> on input line 5.
LaTeX Font Info:    External font `lmex10' loaded for size
(Font)              <5> on input line 5.
)
\tf@toc=\write4
\openout4 = `fatal_accidents.toc'.

LaTeX Font Info:    Trying to load font information for T1+lmtt on input line 1
61.
(/usr/share/texmf/tex/latex/lm/t1lmtt.fd
File: t1lmtt.fd 2009/10/30 v1.6 Font defs for Latin Modern
) [1

{/var/lib/texmf/fonts/map/pdftex/updmap/pdftex.map}]
LaTeX Font Info:    Font shape `T1/lmtt/bx/n' in size <10> not available
(Font)              Font shape `T1/lmtt/b/n' tried instead on input line 209.

LaTeX Font Warning: Font shape `T1/lmtt/bx/it' in size <10> not available
(Font)              Font shape `T1/lmtt/b/sl' tried instead on input line 209.

[2] [3pdfTeX warning (ext4): destination with the same identifier (name{table.1
}) has been already used, duplicate ignored

\AtBegShi@Output ...ipout \box \AtBeginShipoutBox 
                                                  \fi \fi 
l.328 \begin{Shaded}
                    ]
Overfull \hbox (83.22853pt too wide) in paragraph at lines 393--393
 []\T1/lmr/m/n/10 (-20) number_of_casualties|
 []


Overfull \hbox (62.4752pt too wide) in paragraph at lines 393--393
 []\T1/lmr/m/n/10 (-20) accident_severity|
 []


Overfull \hbox (75.00197pt too wide) in paragraph at lines 393--393
 []\T1/lmr/m/n/10 (-20) number_of_vehicles|
 []


Overfull \hbox (57.72733pt too wide) in paragraph at lines 393--393
 []\T1/lmr/m/n/10 (-20) first_road_class|
 []


Overfull \hbox (70.43396pt too wide) in paragraph at lines 393--393
 []\T1/lmr/m/n/10 (-20) first_road_number|
 []


Overfull \hbox (32.49242pt too wide) in paragraph at lines 393--393
 []\T1/lmr/m/n/10 (-20) road_type|
 []


Overfull \hbox (38.51361pt too wide) in paragraph at lines 393--393
 []\T1/lmr/m/n/10 (-20) speed_limit|
 []


Overfull \hbox (53.69826pt too wide) in paragraph at lines 393--393
 []\T1/lmr/m/n/10 (-20) junction_detail|
 []


Overfull \hbox (69.13338pt too wide) in paragraph at lines 393--393
 []\T1/lmr/m/n/10 (-20) second_road_class|
 []


Overfull \hbox (81.84001pt too wide) in paragraph at lines 393--393
 []\T1/lmr/m/n/10 (-20) second_road_number|
 []


Overfull \hbox (146.49298pt too wide) in paragraph at lines 393--393
 []\T1/lmr/m/n/10 (-20) pedestrian_crossing_human_control|
 []


Overfull \hbox (157.19759pt too wide) in paragraph at lines 393--393
 []\T1/lmr/m/n/10 (-20) pedestrian_crossing_physical_facilities|
 []


Overfull \hbox (57.55826pt too wide) in paragraph at lines 393--393
 []\T1/lmr/m/n/10 (-20) light_conditions|
 []


Overfull \hbox (71.381pt too wide) in paragraph at lines 393--393
 []\T1/lmr/m/n/10 (-20) weather_conditions|
 []


Overfull \hbox (94.42268pt too wide) in paragraph at lines 393--393
 []\T1/lmr/m/n/10 (-20) road_surface_conditions|
 []


Overfull \hbox (105.04533pt too wide) in paragraph at lines 393--393
 []\T1/lmr/m/n/10 (-20) special_conditions_at_site|
 []


Overfull \hbox (77.77885pt too wide) in paragraph at lines 393--393
 []\T1/lmr/m/n/10 (-20) carriageway_hazards|
 []


Overfull \hbox (81.87305pt too wide) in paragraph at lines 393--393
 []\T1/lmr/m/n/10 (-20) urban_or_rural_area|
 []


Overfull \hbox (83.22853pt too wide) in paragraph at lines 393--393
[]\T1/lmr/m/n/10 (-20) number_of_casualties|  
 []


Overfull \hbox (28.6982pt too wide) in paragraph at lines 393--393
 []\T1/lmr/m/n/10 (-20) 1.0000000|
 []


Overfull \hbox (29.1982pt too wide) in paragraph at lines 393--393
 \T1/lmr/m/n/10 (-20) 0.0721619|
 []


Overfull \hbox (29.1982pt too wide) in paragraph at lines 393--393
 []\T1/lmr/m/n/10 (-20) 0.1969233|
 []


Overfull \hbox (29.1982pt too wide) in paragraph at lines 393--393
 \T1/lmr/m/n/10 (-20) 0.0714877|
 []


Overfull \hbox (29.1982pt too wide) in paragraph at lines 393--393
 []\T1/lmr/m/n/10 (-20) 0.0153349|
 []


Overfull \hbox (29.1982pt too wide) in paragraph at lines 393--393
 \T1/lmr/m/n/10 (-20) 0.0107753|
 []


Overfull \hbox (29.1982pt too wide) in paragraph at lines 393--393
 []\T1/lmr/m/n/10 (-20) 0.1527840|
 []


Overfull \hbox (29.1982pt too wide) in paragraph at lines 393--393
 \T1/lmr/m/n/10 (-20) 0.0345430|
 []


Overfull \hbox (29.1982pt too wide) in paragraph at lines 393--393
 []\T1/lmr/m/n/10 (-20) 0.0099575|
 []


Overfull \hbox (29.1982pt too wide) in paragraph at lines 393--393
 []\T1/lmr/m/n/10 (-20) 0.0039677|
 []


Overfull \hbox (29.1982pt too wide) in paragraph at lines 393--393
 \T1/lmr/m/n/10 (-20) 0.0460355|
 []


Overfull \hbox (29.1982pt too wide) in paragraph at lines 393--393
 \T1/lmr/m/n/10 (-20) 0.0528777|
 []


Overfull \hbox (29.1982pt too wide) in paragraph at lines 393--393
 []\T1/lmr/m/n/10 (-20) 0.0286223|
 []


Overfull \hbox (29.1982pt too wide) in paragraph at lines 393--393
 \T1/lmr/m/n/10 (-20) 0.0148285|
 []


Overfull \hbox (29.1982pt too wide) in paragraph at lines 393--393
 []\T1/lmr/m/n/10 (-20) 0.0007400|
 []


Overfull \hbox (29.1982pt too wide) in paragraph at lines 393--393
 \T1/lmr/m/n/10 (-20) 0.0258306|
 []


Overfull \hbox (29.1982pt too wide) in paragraph at lines 393--393
 \T1/lmr/m/n/10 (-20) 0.0274437|
 []


Overfull \hbox (29.1982pt too wide) in paragraph at lines 393--393
 []\T1/lmr/m/n/10 (-20) 0.1179114|
 []


Overfull \hbox (62.4752pt too wide) in paragraph at lines 393--393
[]\T1/lmr/m/n/10 (-20) accident_severity|  
 []


Overfull \hbox (29.1982pt too wide) in paragraph at lines 393--393
 \T1/lmr/m/n/10 (-20) 0.0721619|
 []


Overfull \hbox (28.6982pt too wide) in paragraph at lines 393--393
 []\T1/lmr/m/n/10 (-20) 1.0000000|
 []


Overfull \hbox (29.1982pt too wide) in paragraph at lines 393--393
 []\T1/lmr/m/n/10 (-20) 0.0765725|
 []


Overfull \hbox (29.1982pt too wide) in paragraph at lines 393--393
 []\T1/lmr/m/n/10 (-20) 0.0055638|
 []


Overfull \hbox (29.1982pt too wide) in paragraph at lines 393--393
 \T1/lmr/m/n/10 (-20) 0.0127589|
 []


Overfull \hbox (29.1982pt too wide) in paragraph at lines 393--393
 \T1/lmr/m/n/10 (-20) 0.0250227|
 []


Overfull \hbox (29.1982pt too wide) in paragraph at lines 393--393
 \T1/lmr/m/n/10 (-20) 0.1179176|
 []


Overfull \hbox (29.1982pt too wide) in paragraph at lines 393--393
 []\T1/lmr/m/n/10 (-20) 0.0586559|
 []


Overfull \hbox (29.1982pt too wide) in paragraph at lines 393--393
 \T1/lmr/m/n/10 (-20) 0.0502471|
 []


Overfull \hbox (29.1982pt too wide) in paragraph at lines 393--393
 []\T1/lmr/m/n/10 (-20) 0.0154857|
 []


Overfull \hbox (29.1982pt too wide) in paragraph at lines 393--393
 []\T1/lmr/m/n/10 (-20) 0.0708365|
 []


Overfull \hbox (29.1982pt too wide) in paragraph at lines 393--393
 []\T1/lmr/m/n/10 (-20) 0.0596644|
 []


Overfull \hbox (29.1982pt too wide) in paragraph at lines 393--393
 \T1/lmr/m/n/10 (-20) 0.0410348|
 []


Overfull \hbox (29.1982pt too wide) in paragraph at lines 393--393
 []\T1/lmr/m/n/10 (-20) 0.0314524|
 []


Overfull \hbox (29.1982pt too wide) in paragraph at lines 393--393
 []\T1/lmr/m/n/10 (-20) 0.0220876|
 []


Overfull \hbox (29.1982pt too wide) in paragraph at lines 393--393
 []\T1/lmr/m/n/10 (-20) 0.0306033|
 []


Overfull \hbox (29.1982pt too wide) in paragraph at lines 393--393
 []\T1/lmr/m/n/10 (-20) 0.0279883|
 []


Overfull \hbox (29.1982pt too wide) in paragraph at lines 393--393
 \T1/lmr/m/n/10 (-20) 0.1142710|
 []


Overfull \hbox (75.00197pt too wide) in paragraph at lines 393--393
[]\T1/lmr/m/n/10 (-20) number_of_vehicles|  
 []


Overfull \hbox (29.1982pt too wide) in paragraph at lines 393--393
 []\T1/lmr/m/n/10 (-20) 0.1969233|
 []


Overfull \hbox (29.1982pt too wide) in paragraph at lines 393--393
 []\T1/lmr/m/n/10 (-20) 0.0765725|
 []


Overfull \hbox (28.6982pt too wide) in paragraph at lines 393--393
 []\T1/lmr/m/n/10 (-20) 1.0000000|
 []


Overfull \hbox (29.1982pt too wide) in paragraph at lines 393--393
 \T1/lmr/m/n/10 (-20) 0.1003126|
 []


Overfull \hbox (29.1982pt too wide) in paragraph at lines 393--393
 \T1/lmr/m/n/10 (-20) 0.0033644|
 []


Overfull \hbox (29.1982pt too wide) in paragraph at lines 393--393
 \T1/lmr/m/n/10 (-20) 0.0532482|
 []


Overfull \hbox (29.1982pt too wide) in paragraph at lines 393--393
 []\T1/lmr/m/n/10 (-20) 0.0361490|
 []


Overfull \hbox (29.1982pt too wide) in paragraph at lines 393--393
 []\T1/lmr/m/n/10 (-20) 0.0068868|
 []


Overfull \hbox (29.1982pt too wide) in paragraph at lines 393--393
 \T1/lmr/m/n/10 (-20) 0.0258223|
 []


Overfull \hbox (29.1982pt too wide) in paragraph at lines 393--393
 []\T1/lmr/m/n/10 (-20) 0.0111854|
 []


Overfull \hbox (29.1982pt too wide) in paragraph at lines 393--393
 \T1/lmr/m/n/10 (-20) 0.0060495|
 []


Overfull \hbox (29.1982pt too wide) in paragraph at lines 393--393
 \T1/lmr/m/n/10 (-20) 0.0284160|
 []


Overfull \hbox (29.1982pt too wide) in paragraph at lines 393--393
 \T1/lmr/m/n/10 (-20) 0.0664975|
 []


Overfull \hbox (29.1982pt too wide) in paragraph at lines 393--393
 \T1/lmr/m/n/10 (-20) 0.0384941|
 []


Overfull \hbox (29.1982pt too wide) in paragraph at lines 393--393
 \T1/lmr/m/n/10 (-20) 0.0443865|
 []


Overfull \hbox (29.1982pt too wide) in paragraph at lines 393--393
 \T1/lmr/m/n/10 (-20) 0.0214656|
 []


Overfull \hbox (29.1982pt too wide) in paragraph at lines 393--393
 \T1/lmr/m/n/10 (-20) 0.0326423|
 []


Overfull \hbox (29.1982pt too wide) in paragraph at lines 393--393
 \T1/lmr/m/n/10 (-20) 0.0042463|
 []


Overfull \hbox (57.72733pt too wide) in paragraph at lines 393--393
[]\T1/lmr/m/n/10 (-20) first_road_class|  
 []


Overfull \hbox (29.1982pt too wide) in paragraph at lines 393--393
 \T1/lmr/m/n/10 (-20) 0.0714877|
 []


Overfull \hbox (29.1982pt too wide) in paragraph at lines 393--393
 []\T1/lmr/m/n/10 (-20) 0.0055638|
 []


Overfull \hbox (29.1982pt too wide) in paragraph at lines 393--393
 \T1/lmr/m/n/10 (-20) 0.1003126|
 []


Overfull \hbox (28.6982pt too wide) in paragraph at lines 393--393
 []\T1/lmr/m/n/10 (-20) 1.0000000|
 []


Overfull \hbox (29.1982pt too wide) in paragraph at lines 393--393
 \T1/lmr/m/n/10 (-20) 0.2636545|
 []


Overfull \hbox (29.1982pt too wide) in paragraph at lines 393--393
 []\T1/lmr/m/n/10 (-20) 0.2800455|
 []


Overfull \hbox (29.1982pt too wide) in paragraph at lines 393--393
 \T1/lmr/m/n/10 (-20) 0.3050582|
 []


Overfull \hbox (29.1982pt too wide) in paragraph at lines 393--393
 []\T1/lmr/m/n/10 (-20) 0.0022734|
 []


Overfull \hbox (29.1982pt too wide) in paragraph at lines 393--393
 []\T1/lmr/m/n/10 (-20) 0.1607087|
 []


Overfull \hbox (29.1982pt too wide) in paragraph at lines 393--393
 \T1/lmr/m/n/10 (-20) 0.0682004|
 []


Overfull \hbox (29.1982pt too wide) in paragraph at lines 393--393
 \T1/lmr/m/n/10 (-20) 0.0458736|
 []


Overfull \hbox (29.1982pt too wide) in paragraph at lines 393--393
 \T1/lmr/m/n/10 (-20) 0.1268533|
 []


Overfull \hbox (29.1982pt too wide) in paragraph at lines 393--393
 \T1/lmr/m/n/10 (-20) 0.0406602|
 []


Overfull \hbox (29.1982pt too wide) in paragraph at lines 393--393
 \T1/lmr/m/n/10 (-20) 0.0075801|
 []


Overfull \hbox (29.1982pt too wide) in paragraph at lines 393--393
 \T1/lmr/m/n/10 (-20) 0.0284158|
 []


Overfull \hbox (29.1982pt too wide) in paragraph at lines 393--393
 \T1/lmr/m/n/10 (-20) 0.0301590|
 []


Overfull \hbox (29.1982pt too wide) in paragraph at lines 393--393
 \T1/lmr/m/n/10 (-20) 0.0206088|
 []


Overfull \hbox (29.1982pt too wide) in paragraph at lines 393--393
 \T1/lmr/m/n/10 (-20) 0.1576744|
 []


Overfull \hbox (70.43396pt too wide) in paragraph at lines 393--393
[]\T1/lmr/m/n/10 (-20) first_road_number|  
 []


Overfull \hbox (29.1982pt too wide) in paragraph at lines 393--393
 []\T1/lmr/m/n/10 (-20) 0.0153349|
 []


Overfull \hbox (29.1982pt too wide) in paragraph at lines 393--393
 \T1/lmr/m/n/10 (-20) 0.0127589|
 []


Overfull \hbox (29.1982pt too wide) in paragraph at lines 393--393
 \T1/lmr/m/n/10 (-20) 0.0033644|
 []


Overfull \hbox (29.1982pt too wide) in paragraph at lines 393--393
 \T1/lmr/m/n/10 (-20) 0.2636545|
 []


Overfull \hbox (28.6982pt too wide) in paragraph at lines 393--393
 []\T1/lmr/m/n/10 (-20) 1.0000000|
 []


Overfull \hbox (29.1982pt too wide) in paragraph at lines 393--393
 \T1/lmr/m/n/10 (-20) 0.0062438|
 []


Overfull \hbox (29.1982pt too wide) in paragraph at lines 393--393
 \T1/lmr/m/n/10 (-20) 0.0106682|
 []


Overfull \hbox (29.1982pt too wide) in paragraph at lines 393--393
 \T1/lmr/m/n/10 (-20) 0.0250309|
 []


Overfull \hbox (29.1982pt too wide) in paragraph at lines 393--393
 \T1/lmr/m/n/10 (-20) 0.0206893|
 []


Overfull \hbox (29.1982pt too wide) in paragraph at lines 393--393
 []\T1/lmr/m/n/10 (-20) 0.1205800|
 []


Overfull \hbox (29.1982pt too wide) in paragraph at lines 393--393
 \T1/lmr/m/n/10 (-20) 0.0381798|
 []


Overfull \hbox (29.1982pt too wide) in paragraph at lines 393--393
 []\T1/lmr/m/n/10 (-20) 0.0296077|
 []


Overfull \hbox (29.1982pt too wide) in paragraph at lines 393--393
 []\T1/lmr/m/n/10 (-20) 0.0003184|
 []


Overfull \hbox (29.1982pt too wide) in paragraph at lines 393--393
 \T1/lmr/m/n/10 (-20) 0.0055519|
 []


Overfull \hbox (29.1982pt too wide) in paragraph at lines 393--393
 \T1/lmr/m/n/10 (-20) 0.0060280|
 []


Overfull \hbox (29.1982pt too wide) in paragraph at lines 393--393
 \T1/lmr/m/n/10 (-20) 0.0209807|
 []


Overfull \hbox (29.1982pt too wide) in paragraph at lines 393--393
 \T1/lmr/m/n/10 (-20) 0.0215060|
 []


Overfull \hbox (29.1982pt too wide) in paragraph at lines 393--393
 []\T1/lmr/m/n/10 (-20) 0.0145706|
 []


Overfull \hbox (32.49242pt too wide) in paragraph at lines 393--393
[]\T1/lmr/m/n/10 (-20) road_type|  
 []


Overfull \hbox (29.1982pt too wide) in paragraph at lines 393--393
 \T1/lmr/m/n/10 (-20) 0.0107753|
 []


Overfull \hbox (29.1982pt too wide) in paragraph at lines 393--393
 \T1/lmr/m/n/10 (-20) 0.0250227|
 []


Overfull \hbox (29.1982pt too wide) in paragraph at lines 393--393
 \T1/lmr/m/n/10 (-20) 0.0532482|
 []


Overfull \hbox (29.1982pt too wide) in paragraph at lines 393--393
 []\T1/lmr/m/n/10 (-20) 0.2800455|
 []


Overfull \hbox (29.1982pt too wide) in paragraph at lines 393--393
 \T1/lmr/m/n/10 (-20) 0.0062438|
 []


Overfull \hbox (28.6982pt too wide) in paragraph at lines 393--393
 []\T1/lmr/m/n/10 (-20) 1.0000000|
 []


Overfull \hbox (29.1982pt too wide) in paragraph at lines 393--393
 \T1/lmr/m/n/10 (-20) 0.1667396|
 []


Overfull \hbox (29.1982pt too wide) in paragraph at lines 393--393
 []\T1/lmr/m/n/10 (-20) 0.1141511|
 []


Overfull \hbox (29.1982pt too wide) in paragraph at lines 393--393
 []\T1/lmr/m/n/10 (-20) 0.2361954|
 []


Overfull \hbox (29.1982pt too wide) in paragraph at lines 393--393
 \T1/lmr/m/n/10 (-20) 0.1085774|
 []


Overfull \hbox (29.1982pt too wide) in paragraph at lines 393--393
 []\T1/lmr/m/n/10 (-20) 0.1010956|
 []


Overfull \hbox (29.1982pt too wide) in paragraph at lines 393--393
 []\T1/lmr/m/n/10 (-20) 0.0085348|
 []


Overfull \hbox (29.1982pt too wide) in paragraph at lines 393--393
 \T1/lmr/m/n/10 (-20) 0.0115504|
 []


Overfull \hbox (29.1982pt too wide) in paragraph at lines 393--393
 []\T1/lmr/m/n/10 (-20) 0.0387163|
 []


Overfull \hbox (29.1982pt too wide) in paragraph at lines 393--393
 []\T1/lmr/m/n/10 (-20) 0.0718363|
 []


Overfull \hbox (29.1982pt too wide) in paragraph at lines 393--393
 []\T1/lmr/m/n/10 (-20) 0.0750697|
 []


Overfull \hbox (29.1982pt too wide) in paragraph at lines 393--393
 []\T1/lmr/m/n/10 (-20) 0.0973123|
 []


Overfull \hbox (29.1982pt too wide) in paragraph at lines 393--393
 \T1/lmr/m/n/10 (-20) 0.0354984|
 []


Overfull \hbox (38.51361pt too wide) in paragraph at lines 393--393
[]\T1/lmr/m/n/10 (-20) speed_limit|  
 []


Overfull \hbox (29.1982pt too wide) in paragraph at lines 393--393
 []\T1/lmr/m/n/10 (-20) 0.1527840|
 []


Overfull \hbox (29.1982pt too wide) in paragraph at lines 393--393
 \T1/lmr/m/n/10 (-20) 0.1179176|
 []


Overfull \hbox (29.1982pt too wide) in paragraph at lines 393--393
 []\T1/lmr/m/n/10 (-20) 0.0361490|
 []


Overfull \hbox (29.1982pt too wide) in paragraph at lines 393--393
 \T1/lmr/m/n/10 (-20) 0.3050582|
 []


Overfull \hbox (29.1982pt too wide) in paragraph at lines 393--393
 \T1/lmr/m/n/10 (-20) 0.0106682|
 []


Overfull \hbox (29.1982pt too wide) in paragraph at lines 393--393
 \T1/lmr/m/n/10 (-20) 0.1667396|
 []


Overfull \hbox (28.6982pt too wide) in paragraph at lines 393--393
 []\T1/lmr/m/n/10 (-20) 1.0000000|
 []


Overfull \hbox (29.1982pt too wide) in paragraph at lines 393--393
 \T1/lmr/m/n/10 (-20) 0.1425347|
 []


Overfull \hbox (29.1982pt too wide) in paragraph at lines 393--393
 []\T1/lmr/m/n/10 (-20) 0.0316116|
 []


Overfull \hbox (29.1982pt too wide) in paragraph at lines 393--393
 \T1/lmr/m/n/10 (-20) 0.0262743|
 []


Overfull \hbox (29.1982pt too wide) in paragraph at lines 393--393
 \T1/lmr/m/n/10 (-20) 0.1438059|
 []


Overfull \hbox (29.1982pt too wide) in paragraph at lines 393--393
 \T1/lmr/m/n/10 (-20) 0.2448763|
 []


Overfull \hbox (29.1982pt too wide) in paragraph at lines 393--393
 []\T1/lmr/m/n/10 (-20) 0.0757321|
 []


Overfull \hbox (29.1982pt too wide) in paragraph at lines 393--393
 \T1/lmr/m/n/10 (-20) 0.0129455|
 []


Overfull \hbox (29.1982pt too wide) in paragraph at lines 393--393
 []\T1/lmr/m/n/10 (-20) 0.0306953|
 []


Overfull \hbox (29.1982pt too wide) in paragraph at lines 393--393
 \T1/lmr/m/n/10 (-20) 0.0411696|
 []


Overfull \hbox (29.1982pt too wide) in paragraph at lines 393--393
 \T1/lmr/m/n/10 (-20) 0.0407497|
 []


Overfull \hbox (29.1982pt too wide) in paragraph at lines 393--393
 []\T1/lmr/m/n/10 (-20) 0.6712973|
 []


Overfull \hbox (53.69826pt too wide) in paragraph at lines 393--393
[]\T1/lmr/m/n/10 (-20) junction_detail|  
 []


Overfull \hbox (29.1982pt too wide) in paragraph at lines 393--393
 \T1/lmr/m/n/10 (-20) 0.0345430|
 []


Overfull \hbox (29.1982pt too wide) in paragraph at lines 393--393
 []\T1/lmr/m/n/10 (-20) 0.0586559|
 []


Overfull \hbox (29.1982pt too wide) in paragraph at lines 393--393
 []\T1/lmr/m/n/10 (-20) 0.0068868|
 []


Overfull \hbox (29.1982pt too wide) in paragraph at lines 393--393
 []\T1/lmr/m/n/10 (-20) 0.0022734|
 []


Overfull \hbox (29.1982pt too wide) in paragraph at lines 393--393
 \T1/lmr/m/n/10 (-20) 0.0250309|
 []


Overfull \hbox (29.1982pt too wide) in paragraph at lines 393--393
 []\T1/lmr/m/n/10 (-20) 0.1141511|
 []


Overfull \hbox (29.1982pt too wide) in paragraph at lines 393--393
 \T1/lmr/m/n/10 (-20) 0.1425347|
 []


Overfull \hbox (28.6982pt too wide) in paragraph at lines 393--393
 []\T1/lmr/m/n/10 (-20) 1.0000000|
 []


Overfull \hbox (29.1982pt too wide) in paragraph at lines 393--393
 \T1/lmr/m/n/10 (-20) 0.0636442|
 []


Overfull \hbox (29.1982pt too wide) in paragraph at lines 393--393
 []\T1/lmr/m/n/10 (-20) 0.0152162|
 []


Overfull \hbox (29.1982pt too wide) in paragraph at lines 393--393
 []\T1/lmr/m/n/10 (-20) 0.3544493|
 []


Overfull \hbox (29.1982pt too wide) in paragraph at lines 393--393
 []\T1/lmr/m/n/10 (-20) 0.2683532|
 []


Overfull \hbox (29.1982pt too wide) in paragraph at lines 393--393
 []\T1/lmr/m/n/10 (-20) 0.0007763|
 []


Overfull \hbox (29.1982pt too wide) in paragraph at lines 393--393
 []\T1/lmr/m/n/10 (-20) 0.0871323|
 []


Overfull \hbox (29.1982pt too wide) in paragraph at lines 393--393
 []\T1/lmr/m/n/10 (-20) 0.1406350|
 []


Overfull \hbox (29.1982pt too wide) in paragraph at lines 393--393
 []\T1/lmr/m/n/10 (-20) 0.2370999|
 []


Overfull \hbox (29.1982pt too wide) in paragraph at lines 393--393
 []\T1/lmr/m/n/10 (-20) 0.2327765|
 []


Overfull \hbox (29.1982pt too wide) in paragraph at lines 393--393
 \T1/lmr/m/n/10 (-20) 0.1336158|
 []


Overfull \hbox (69.13338pt too wide) in paragraph at lines 393--393
[]\T1/lmr/m/n/10 (-20) second_road_class|  
 []


Overfull \hbox (29.1982pt too wide) in paragraph at lines 393--393
 []\T1/lmr/m/n/10 (-20) 0.0099575|
 []


Overfull \hbox (29.1982pt too wide) in paragraph at lines 393--393
 \T1/lmr/m/n/10 (-20) 0.0502471|
 []


Overfull \hbox (29.1982pt too wide) in paragraph at lines 393--393
 \T1/lmr/m/n/10 (-20) 0.0258223|
 []


Overfull \hbox (29.1982pt too wide) in paragraph at lines 393--393
 []\T1/lmr/m/n/10 (-20) 0.1607087|
 []


Overfull \hbox (29.1982pt too wide) in paragraph at lines 393--393
 \T1/lmr/m/n/10 (-20) 0.0206893|
 []


Overfull \hbox (29.1982pt too wide) in paragraph at lines 393--393
 []\T1/lmr/m/n/10 (-20) 0.2361954|
 []


Overfull \hbox (29.1982pt too wide) in paragraph at lines 393--393
 []\T1/lmr/m/n/10 (-20) 0.0316116|
 []


Overfull \hbox (29.1982pt too wide) in paragraph at lines 393--393
 \T1/lmr/m/n/10 (-20) 0.0636442|
 []


Overfull \hbox (28.6982pt too wide) in paragraph at lines 393--393
 []\T1/lmr/m/n/10 (-20) 1.0000000|
 []


Overfull \hbox (29.1982pt too wide) in paragraph at lines 393--393
 \T1/lmr/m/n/10 (-20) 0.4933114|
 []


Overfull \hbox (29.1982pt too wide) in paragraph at lines 393--393
 \T1/lmr/m/n/10 (-20) 0.0678294|
 []


Overfull \hbox (29.1982pt too wide) in paragraph at lines 393--393
 \T1/lmr/m/n/10 (-20) 0.1829637|
 []


Overfull \hbox (29.1982pt too wide) in paragraph at lines 393--393
 []\T1/lmr/m/n/10 (-20) 0.0042322|
 []


Overfull \hbox (29.1982pt too wide) in paragraph at lines 393--393
 \T1/lmr/m/n/10 (-20) 0.0127644|
 []


Overfull \hbox (29.1982pt too wide) in paragraph at lines 393--393
 \T1/lmr/m/n/10 (-20) 0.0079091|
 []


Overfull \hbox (29.1982pt too wide) in paragraph at lines 393--393
 \T1/lmr/m/n/10 (-20) 0.0260785|
 []


Overfull \hbox (29.1982pt too wide) in paragraph at lines 393--393
 \T1/lmr/m/n/10 (-20) 0.0093906|
 []


Overfull \hbox (29.1982pt too wide) in paragraph at lines 393--393
 []\T1/lmr/m/n/10 (-20) 0.0406732|
 []


Overfull \hbox (81.84001pt too wide) in paragraph at lines 393--393
[]\T1/lmr/m/n/10 (-20) second_road_number|  
 []


Overfull \hbox (29.1982pt too wide) in paragraph at lines 393--393
 []\T1/lmr/m/n/10 (-20) 0.0039677|
 []


Overfull \hbox (29.1982pt too wide) in paragraph at lines 393--393
 []\T1/lmr/m/n/10 (-20) 0.0154857|
 []


Overfull \hbox (29.1982pt too wide) in paragraph at lines 393--393
 []\T1/lmr/m/n/10 (-20) 0.0111854|
 []


Overfull \hbox (29.1982pt too wide) in paragraph at lines 393--393
 \T1/lmr/m/n/10 (-20) 0.0682004|
 []


Overfull \hbox (29.1982pt too wide) in paragraph at lines 393--393
 []\T1/lmr/m/n/10 (-20) 0.1205800|
 []


Overfull \hbox (29.1982pt too wide) in paragraph at lines 393--393
 \T1/lmr/m/n/10 (-20) 0.1085774|
 []


Overfull \hbox (29.1982pt too wide) in paragraph at lines 393--393
 \T1/lmr/m/n/10 (-20) 0.0262743|
 []


Overfull \hbox (29.1982pt too wide) in paragraph at lines 393--393
 []\T1/lmr/m/n/10 (-20) 0.0152162|
 []


Overfull \hbox (29.1982pt too wide) in paragraph at lines 393--393
 \T1/lmr/m/n/10 (-20) 0.4933114|
 []


Overfull \hbox (28.6982pt too wide) in paragraph at lines 393--393
 []\T1/lmr/m/n/10 (-20) 1.0000000|
 []


Overfull \hbox (29.1982pt too wide) in paragraph at lines 393--393
 \T1/lmr/m/n/10 (-20) 0.0060260|
 []


Overfull \hbox (29.1982pt too wide) in paragraph at lines 393--393
 []\T1/lmr/m/n/10 (-20) 0.0903749|
 []


Overfull \hbox (29.1982pt too wide) in paragraph at lines 393--393
 \T1/lmr/m/n/10 (-20) 0.0015055|
 []


Overfull \hbox (29.1982pt too wide) in paragraph at lines 393--393
 \T1/lmr/m/n/10 (-20) 0.0005098|
 []


Overfull \hbox (29.1982pt too wide) in paragraph at lines 393--393
 \T1/lmr/m/n/10 (-20) 0.0072195|
 []


Overfull \hbox (29.1982pt too wide) in paragraph at lines 393--393
 \T1/lmr/m/n/10 (-20) 0.0084799|
 []


Overfull \hbox (29.1982pt too wide) in paragraph at lines 393--393
 \T1/lmr/m/n/10 (-20) 0.0164678|
 []


Overfull \hbox (29.1982pt too wide) in paragraph at lines 393--393
 \T1/lmr/m/n/10 (-20) 0.0236122|
 []


Overfull \hbox (146.49298pt too wide) in paragraph at lines 393--393
[]\T1/lmr/m/n/10 (-20) pedestrian_crossing_human_control|  
 []


Overfull \hbox (29.1982pt too wide) in paragraph at lines 393--393
 \T1/lmr/m/n/10 (-20) 0.0460355|
 []


Overfull \hbox (29.1982pt too wide) in paragraph at lines 393--393
 []\T1/lmr/m/n/10 (-20) 0.0708365|
 []


Overfull \hbox (29.1982pt too wide) in paragraph at lines 393--393
 \T1/lmr/m/n/10 (-20) 0.0060495|
 []


Overfull \hbox (29.1982pt too wide) in paragraph at lines 393--393
 \T1/lmr/m/n/10 (-20) 0.0458736|
 []


Overfull \hbox (29.1982pt too wide) in paragraph at lines 393--393
 \T1/lmr/m/n/10 (-20) 0.0381798|
 []


Overfull \hbox (29.1982pt too wide) in paragraph at lines 393--393
 []\T1/lmr/m/n/10 (-20) 0.1010956|
 []


Overfull \hbox (29.1982pt too wide) in paragraph at lines 393--393
 \T1/lmr/m/n/10 (-20) 0.1438059|
 []


Overfull \hbox (29.1982pt too wide) in paragraph at lines 393--393
 []\T1/lmr/m/n/10 (-20) 0.3544493|
 []


Overfull \hbox (29.1982pt too wide) in paragraph at lines 393--393
 \T1/lmr/m/n/10 (-20) 0.0678294|
 []


Overfull \hbox (29.1982pt too wide) in paragraph at lines 393--393
 \T1/lmr/m/n/10 (-20) 0.0060260|
 []


Overfull \hbox (28.6982pt too wide) in paragraph at lines 393--393
 []\T1/lmr/m/n/10 (-20) 1.0000000|
 []


Overfull \hbox (29.1982pt too wide) in paragraph at lines 393--393
 []\T1/lmr/m/n/10 (-20) 0.4717488|
 []


Overfull \hbox (29.1982pt too wide) in paragraph at lines 393--393
 []\T1/lmr/m/n/10 (-20) 0.0199994|
 []


Overfull \hbox (29.1982pt too wide) in paragraph at lines 393--393
 []\T1/lmr/m/n/10 (-20) 0.1619721|
 []


Overfull \hbox (29.1982pt too wide) in paragraph at lines 393--393
 []\T1/lmr/m/n/10 (-20) 0.2652731|
 []


Overfull \hbox (29.1982pt too wide) in paragraph at lines 393--393
 []\T1/lmr/m/n/10 (-20) 0.4018395|
 []


Overfull \hbox (29.1982pt too wide) in paragraph at lines 393--393
 []\T1/lmr/m/n/10 (-20) 0.3895807|
 []


Overfull \hbox (29.1982pt too wide) in paragraph at lines 393--393
 \T1/lmr/m/n/10 (-20) 0.1348956|
 []


Overfull \hbox (157.19759pt too wide) in paragraph at lines 393--393
[]\T1/lmr/m/n/10 (-20) pedestrian_crossing_physical_facilities|  
 []


Overfull \hbox (29.1982pt too wide) in paragraph at lines 393--393
 \T1/lmr/m/n/10 (-20) 0.0528777|
 []


Overfull \hbox (29.1982pt too wide) in paragraph at lines 393--393
 []\T1/lmr/m/n/10 (-20) 0.0596644|
 []


Overfull \hbox (29.1982pt too wide) in paragraph at lines 393--393
 \T1/lmr/m/n/10 (-20) 0.0284160|
 []


Overfull \hbox (29.1982pt too wide) in paragraph at lines 393--393
 \T1/lmr/m/n/10 (-20) 0.1268533|
 []


Overfull \hbox (29.1982pt too wide) in paragraph at lines 393--393
 []\T1/lmr/m/n/10 (-20) 0.0296077|
 []


Overfull \hbox (29.1982pt too wide) in paragraph at lines 393--393
 []\T1/lmr/m/n/10 (-20) 0.0085348|
 []


Overfull \hbox (29.1982pt too wide) in paragraph at lines 393--393
 \T1/lmr/m/n/10 (-20) 0.2448763|
 []


Overfull \hbox (29.1982pt too wide) in paragraph at lines 393--393
 []\T1/lmr/m/n/10 (-20) 0.2683532|
 []


Overfull \hbox (29.1982pt too wide) in paragraph at lines 393--393
 \T1/lmr/m/n/10 (-20) 0.1829637|
 []


Overfull \hbox (29.1982pt too wide) in paragraph at lines 393--393
 []\T1/lmr/m/n/10 (-20) 0.0903749|
 []


Overfull \hbox (29.1982pt too wide) in paragraph at lines 393--393
 []\T1/lmr/m/n/10 (-20) 0.4717488|
 []


Overfull \hbox (28.6982pt too wide) in paragraph at lines 393--393
 []\T1/lmr/m/n/10 (-20) 1.0000000|
 []


Overfull \hbox (29.1982pt too wide) in paragraph at lines 393--393
 []\T1/lmr/m/n/10 (-20) 0.0039691|
 []


Overfull \hbox (29.1982pt too wide) in paragraph at lines 393--393
 []\T1/lmr/m/n/10 (-20) 0.0872577|
 []


Overfull \hbox (29.1982pt too wide) in paragraph at lines 393--393
 []\T1/lmr/m/n/10 (-20) 0.1495177|
 []


Overfull \hbox (29.1982pt too wide) in paragraph at lines 393--393
 []\T1/lmr/m/n/10 (-20) 0.2434098|
 []


Overfull \hbox (29.1982pt too wide) in paragraph at lines 393--393
 []\T1/lmr/m/n/10 (-20) 0.2392031|
 []


Overfull \hbox (29.1982pt too wide) in paragraph at lines 393--393
 \T1/lmr/m/n/10 (-20) 0.2708051|
 []


Overfull \hbox (57.55826pt too wide) in paragraph at lines 393--393
[]\T1/lmr/m/n/10 (-20) light_conditions|  
 []


Overfull \hbox (29.1982pt too wide) in paragraph at lines 393--393
 []\T1/lmr/m/n/10 (-20) 0.0286223|
 []


Overfull \hbox (29.1982pt too wide) in paragraph at lines 393--393
 \T1/lmr/m/n/10 (-20) 0.0410348|
 []


Overfull \hbox (29.1982pt too wide) in paragraph at lines 393--393
 \T1/lmr/m/n/10 (-20) 0.0664975|
 []


Overfull \hbox (29.1982pt too wide) in paragraph at lines 393--393
 \T1/lmr/m/n/10 (-20) 0.0406602|
 []


Overfull \hbox (29.1982pt too wide) in paragraph at lines 393--393
 []\T1/lmr/m/n/10 (-20) 0.0003184|
 []


Overfull \hbox (29.1982pt too wide) in paragraph at lines 393--393
 \T1/lmr/m/n/10 (-20) 0.0115504|
 []


Overfull \hbox (29.1982pt too wide) in paragraph at lines 393--393
 []\T1/lmr/m/n/10 (-20) 0.0757321|
 []


Overfull \hbox (29.1982pt too wide) in paragraph at lines 393--393
 []\T1/lmr/m/n/10 (-20) 0.0007763|
 []


Overfull \hbox (29.1982pt too wide) in paragraph at lines 393--393
 []\T1/lmr/m/n/10 (-20) 0.0042322|
 []


Overfull \hbox (29.1982pt too wide) in paragraph at lines 393--393
 \T1/lmr/m/n/10 (-20) 0.0015055|
 []


Overfull \hbox (29.1982pt too wide) in paragraph at lines 393--393
 []\T1/lmr/m/n/10 (-20) 0.0199994|
 []


Overfull \hbox (29.1982pt too wide) in paragraph at lines 393--393
 []\T1/lmr/m/n/10 (-20) 0.0039691|
 []


Overfull \hbox (28.6982pt too wide) in paragraph at lines 393--393
 []\T1/lmr/m/n/10 (-20) 1.0000000|
 []


Overfull \hbox (29.1982pt too wide) in paragraph at lines 393--393
 []\T1/lmr/m/n/10 (-20) 0.1130786|
 []


Overfull \hbox (29.1982pt too wide) in paragraph at lines 393--393
 []\T1/lmr/m/n/10 (-20) 0.1535566|
 []


Overfull \hbox (29.1982pt too wide) in paragraph at lines 393--393
 []\T1/lmr/m/n/10 (-20) 0.0314279|
 []


Overfull \hbox (29.1982pt too wide) in paragraph at lines 393--393
 []\T1/lmr/m/n/10 (-20) 0.0393104|
 []


Overfull \hbox (29.1982pt too wide) in paragraph at lines 393--393
 []\T1/lmr/m/n/10 (-20) 0.0485156|
 []


Overfull \hbox (71.381pt too wide) in paragraph at lines 393--393
[]\T1/lmr/m/n/10 (-20) weather_conditions|  
 []


Overfull \hbox (29.1982pt too wide) in paragraph at lines 393--393
 \T1/lmr/m/n/10 (-20) 0.0148285|
 []


Overfull \hbox (29.1982pt too wide) in paragraph at lines 393--393
 []\T1/lmr/m/n/10 (-20) 0.0314524|
 []


Overfull \hbox (29.1982pt too wide) in paragraph at lines 393--393
 \T1/lmr/m/n/10 (-20) 0.0384941|
 []


Overfull \hbox (29.1982pt too wide) in paragraph at lines 393--393
 \T1/lmr/m/n/10 (-20) 0.0075801|
 []


Overfull \hbox (29.1982pt too wide) in paragraph at lines 393--393
 \T1/lmr/m/n/10 (-20) 0.0055519|
 []


Overfull \hbox (29.1982pt too wide) in paragraph at lines 393--393
 []\T1/lmr/m/n/10 (-20) 0.0387163|
 []


Overfull \hbox (29.1982pt too wide) in paragraph at lines 393--393
 \T1/lmr/m/n/10 (-20) 0.0129455|
 []


Overfull \hbox (29.1982pt too wide) in paragraph at lines 393--393
 []\T1/lmr/m/n/10 (-20) 0.0871323|
 []


Overfull \hbox (29.1982pt too wide) in paragraph at lines 393--393
 \T1/lmr/m/n/10 (-20) 0.0127644|
 []


Overfull \hbox (29.1982pt too wide) in paragraph at lines 393--393
 \T1/lmr/m/n/10 (-20) 0.0005098|
 []


Overfull \hbox (29.1982pt too wide) in paragraph at lines 393--393
 []\T1/lmr/m/n/10 (-20) 0.1619721|
 []


Overfull \hbox (29.1982pt too wide) in paragraph at lines 393--393
 []\T1/lmr/m/n/10 (-20) 0.0872577|
 []


Overfull \hbox (29.1982pt too wide) in paragraph at lines 393--393
 []\T1/lmr/m/n/10 (-20) 0.1130786|
 []


Overfull \hbox (28.6982pt too wide) in paragraph at lines 393--393
 []\T1/lmr/m/n/10 (-20) 1.0000000|
 []


Overfull \hbox (29.1982pt too wide) in paragraph at lines 393--393
 []\T1/lmr/m/n/10 (-20) 0.3575300|
 []


Overfull \hbox (29.1982pt too wide) in paragraph at lines 393--393
 []\T1/lmr/m/n/10 (-20) 0.1616110|
 []


Overfull \hbox (29.1982pt too wide) in paragraph at lines 393--393
 []\T1/lmr/m/n/10 (-20) 0.1713398|
 []


Overfull \hbox (29.1982pt too wide) in paragraph at lines 393--393
 \T1/lmr/m/n/10 (-20) 0.0146518|
 []


Overfull \hbox (94.42268pt too wide) in paragraph at lines 393--393
[]\T1/lmr/m/n/10 (-20) road_surface_conditions|  
 []


Overfull \hbox (29.1982pt too wide) in paragraph at lines 393--393
 []\T1/lmr/m/n/10 (-20) 0.0007400|
 []


Overfull \hbox (29.1982pt too wide) in paragraph at lines 393--393
 []\T1/lmr/m/n/10 (-20) 0.0220876|
 []


Overfull \hbox (29.1982pt too wide) in paragraph at lines 393--393
 \T1/lmr/m/n/10 (-20) 0.0443865|
 []


Overfull \hbox (29.1982pt too wide) in paragraph at lines 393--393
 \T1/lmr/m/n/10 (-20) 0.0284158|
 []


Overfull \hbox (29.1982pt too wide) in paragraph at lines 393--393
 \T1/lmr/m/n/10 (-20) 0.0060280|
 []


Overfull \hbox (29.1982pt too wide) in paragraph at lines 393--393
 []\T1/lmr/m/n/10 (-20) 0.0718363|
 []


Overfull \hbox (29.1982pt too wide) in paragraph at lines 393--393
 []\T1/lmr/m/n/10 (-20) 0.0306953|
 []


Overfull \hbox (29.1982pt too wide) in paragraph at lines 393--393
 []\T1/lmr/m/n/10 (-20) 0.1406350|
 []


Overfull \hbox (29.1982pt too wide) in paragraph at lines 393--393
 \T1/lmr/m/n/10 (-20) 0.0079091|
 []


Overfull \hbox (29.1982pt too wide) in paragraph at lines 393--393
 \T1/lmr/m/n/10 (-20) 0.0072195|
 []


Overfull \hbox (29.1982pt too wide) in paragraph at lines 393--393
 []\T1/lmr/m/n/10 (-20) 0.2652731|
 []


Overfull \hbox (29.1982pt too wide) in paragraph at lines 393--393
 []\T1/lmr/m/n/10 (-20) 0.1495177|
 []


Overfull \hbox (29.1982pt too wide) in paragraph at lines 393--393
 []\T1/lmr/m/n/10 (-20) 0.1535566|
 []


Overfull \hbox (29.1982pt too wide) in paragraph at lines 393--393
 []\T1/lmr/m/n/10 (-20) 0.3575300|
 []


Overfull \hbox (28.6982pt too wide) in paragraph at lines 393--393
 []\T1/lmr/m/n/10 (-20) 1.0000000|
 []


Overfull \hbox (29.1982pt too wide) in paragraph at lines 393--393
 []\T1/lmr/m/n/10 (-20) 0.3159680|
 []


Overfull \hbox (29.1982pt too wide) in paragraph at lines 393--393
 []\T1/lmr/m/n/10 (-20) 0.3500860|
 []


Overfull \hbox (29.1982pt too wide) in paragraph at lines 393--393
 []\T1/lmr/m/n/10 (-20) 0.0136347|
 []


Overfull \hbox (105.04533pt too wide) in paragraph at lines 393--393
[]\T1/lmr/m/n/10 (-20) special_conditions_at_site|  
 []


Overfull \hbox (29.1982pt too wide) in paragraph at lines 393--393
 \T1/lmr/m/n/10 (-20) 0.0258306|
 []


Overfull \hbox (29.1982pt too wide) in paragraph at lines 393--393
 []\T1/lmr/m/n/10 (-20) 0.0306033|
 []


Overfull \hbox (29.1982pt too wide) in paragraph at lines 393--393
 \T1/lmr/m/n/10 (-20) 0.0214656|
 []


Overfull \hbox (29.1982pt too wide) in paragraph at lines 393--393
 \T1/lmr/m/n/10 (-20) 0.0301590|
 []


Overfull \hbox (29.1982pt too wide) in paragraph at lines 393--393
 \T1/lmr/m/n/10 (-20) 0.0209807|
 []


Overfull \hbox (29.1982pt too wide) in paragraph at lines 393--393
 []\T1/lmr/m/n/10 (-20) 0.0750697|
 []


Overfull \hbox (29.1982pt too wide) in paragraph at lines 393--393
 \T1/lmr/m/n/10 (-20) 0.0411696|
 []


Overfull \hbox (29.1982pt too wide) in paragraph at lines 393--393
 []\T1/lmr/m/n/10 (-20) 0.2370999|
 []


Overfull \hbox (29.1982pt too wide) in paragraph at lines 393--393
 \T1/lmr/m/n/10 (-20) 0.0260785|
 []


Overfull \hbox (29.1982pt too wide) in paragraph at lines 393--393
 \T1/lmr/m/n/10 (-20) 0.0084799|
 []


Overfull \hbox (29.1982pt too wide) in paragraph at lines 393--393
 []\T1/lmr/m/n/10 (-20) 0.4018395|
 []


Overfull \hbox (29.1982pt too wide) in paragraph at lines 393--393
 []\T1/lmr/m/n/10 (-20) 0.2434098|
 []


Overfull \hbox (29.1982pt too wide) in paragraph at lines 393--393
 []\T1/lmr/m/n/10 (-20) 0.0314279|
 []


Overfull \hbox (29.1982pt too wide) in paragraph at lines 393--393
 []\T1/lmr/m/n/10 (-20) 0.1616110|
 []


Overfull \hbox (29.1982pt too wide) in paragraph at lines 393--393
 []\T1/lmr/m/n/10 (-20) 0.3159680|
 []


Overfull \hbox (28.6982pt too wide) in paragraph at lines 393--393
 []\T1/lmr/m/n/10 (-20) 1.0000000|
 []


Overfull \hbox (29.1982pt too wide) in paragraph at lines 393--393
 []\T1/lmr/m/n/10 (-20) 0.5112938|
 []


Overfull \hbox (29.1982pt too wide) in paragraph at lines 393--393
 \T1/lmr/m/n/10 (-20) 0.0354214|
 []


Overfull \hbox (77.77885pt too wide) in paragraph at lines 393--393
[]\T1/lmr/m/n/10 (-20) carriageway_hazards|  
 []


Overfull \hbox (29.1982pt too wide) in paragraph at lines 393--393
 \T1/lmr/m/n/10 (-20) 0.0274437|
 []


Overfull \hbox (29.1982pt too wide) in paragraph at lines 393--393
 []\T1/lmr/m/n/10 (-20) 0.0279883|
 []


Overfull \hbox (29.1982pt too wide) in paragraph at lines 393--393
 \T1/lmr/m/n/10 (-20) 0.0326423|
 []


Overfull \hbox (29.1982pt too wide) in paragraph at lines 393--393
 \T1/lmr/m/n/10 (-20) 0.0206088|
 []


Overfull \hbox (29.1982pt too wide) in paragraph at lines 393--393
 \T1/lmr/m/n/10 (-20) 0.0215060|
 []


Overfull \hbox (29.1982pt too wide) in paragraph at lines 393--393
 []\T1/lmr/m/n/10 (-20) 0.0973123|
 []


Overfull \hbox (29.1982pt too wide) in paragraph at lines 393--393
 \T1/lmr/m/n/10 (-20) 0.0407497|
 []


Overfull \hbox (29.1982pt too wide) in paragraph at lines 393--393
 []\T1/lmr/m/n/10 (-20) 0.2327765|
 []


Overfull \hbox (29.1982pt too wide) in paragraph at lines 393--393
 \T1/lmr/m/n/10 (-20) 0.0093906|
 []


Overfull \hbox (29.1982pt too wide) in paragraph at lines 393--393
 \T1/lmr/m/n/10 (-20) 0.0164678|
 []


Overfull \hbox (29.1982pt too wide) in paragraph at lines 393--393
 []\T1/lmr/m/n/10 (-20) 0.3895807|
 []


Overfull \hbox (29.1982pt too wide) in paragraph at lines 393--393
 []\T1/lmr/m/n/10 (-20) 0.2392031|
 []


Overfull \hbox (29.1982pt too wide) in paragraph at lines 393--393
 []\T1/lmr/m/n/10 (-20) 0.0393104|
 []


Overfull \hbox (29.1982pt too wide) in paragraph at lines 393--393
 []\T1/lmr/m/n/10 (-20) 0.1713398|
 []


Overfull \hbox (29.1982pt too wide) in paragraph at lines 393--393
 []\T1/lmr/m/n/10 (-20) 0.3500860|
 []


Overfull \hbox (29.1982pt too wide) in paragraph at lines 393--393
 []\T1/lmr/m/n/10 (-20) 0.5112938|
 []


Overfull \hbox (28.6982pt too wide) in paragraph at lines 393--393
 []\T1/lmr/m/n/10 (-20) 1.0000000|
 []


Overfull \hbox (29.1982pt too wide) in paragraph at lines 393--393
 \T1/lmr/m/n/10 (-20) 0.0404989|
 []


Overfull \hbox (81.87305pt too wide) in paragraph at lines 393--393
[]\T1/lmr/m/n/10 (-20) urban_or_rural_area|  
 []


Overfull \hbox (29.1982pt too wide) in paragraph at lines 393--393
 []\T1/lmr/m/n/10 (-20) 0.1179114|
 []


Overfull \hbox (29.1982pt too wide) in paragraph at lines 393--393
 \T1/lmr/m/n/10 (-20) 0.1142710|
 []


Overfull \hbox (29.1982pt too wide) in paragraph at lines 393--393
 \T1/lmr/m/n/10 (-20) 0.0042463|
 []


Overfull \hbox (29.1982pt too wide) in paragraph at lines 393--393
 \T1/lmr/m/n/10 (-20) 0.1576744|
 []


Overfull \hbox (29.1982pt too wide) in paragraph at lines 393--393
 []\T1/lmr/m/n/10 (-20) 0.0145706|
 []


Overfull \hbox (29.1982pt too wide) in paragraph at lines 393--393
 \T1/lmr/m/n/10 (-20) 0.0354984|
 []


Overfull \hbox (29.1982pt too wide) in paragraph at lines 393--393
 []\T1/lmr/m/n/10 (-20) 0.6712973|
 []


Overfull \hbox (29.1982pt too wide) in paragraph at lines 393--393
 \T1/lmr/m/n/10 (-20) 0.1336158|
 []


Overfull \hbox (29.1982pt too wide) in paragraph at lines 393--393
 []\T1/lmr/m/n/10 (-20) 0.0406732|
 []


Overfull \hbox (29.1982pt too wide) in paragraph at lines 393--393
 \T1/lmr/m/n/10 (-20) 0.0236122|
 []


Overfull \hbox (29.1982pt too wide) in paragraph at lines 393--393
 \T1/lmr/m/n/10 (-20) 0.1348956|
 []


Overfull \hbox (29.1982pt too wide) in paragraph at lines 393--393
 \T1/lmr/m/n/10 (-20) 0.2708051|
 []


Overfull \hbox (29.1982pt too wide) in paragraph at lines 393--393
 []\T1/lmr/m/n/10 (-20) 0.0485156|
 []


Overfull \hbox (29.1982pt too wide) in paragraph at lines 393--393
 \T1/lmr/m/n/10 (-20) 0.0146518|
 []


Overfull \hbox (29.1982pt too wide) in paragraph at lines 393--393
 []\T1/lmr/m/n/10 (-20) 0.0136347|
 []


Overfull \hbox (29.1982pt too wide) in paragraph at lines 393--393
 \T1/lmr/m/n/10 (-20) 0.0354214|
 []


Overfull \hbox (29.1982pt too wide) in paragraph at lines 393--393
 \T1/lmr/m/n/10 (-20) 0.0404989|
 []


Overfull \hbox (28.6982pt too wide) in paragraph at lines 393--393
 []\T1/lmr/m/n/10 (-20) 1.0000000|
 []


LaTeX Warning: `!h' float specifier changed to `!ht'.

[4]
<fatal_accidents_files/figure-latex/unnamed-chunk-5-1.pdf, id=85, 469.755pt x 3
25.215pt>
File: fatal_accidents_files/figure-latex/unnamed-chunk-5-1.pdf Graphic file (ty
pe pdf)
<use fatal_accidents_files/figure-latex/unnamed-chunk-5-1.pdf>
Package pdftex.def Info: fatal_accidents_files/figure-latex/unnamed-chunk-5-1.p
df  used on input line 444.
(pdftex.def)             Requested size: 469.75386pt x 325.2142pt.
[5pdfTeX warning (ext4): destination with the same identifier (name{table.2}) h
as been already used, duplicate ignored

\AtBegShi@Output ...ipout \box \AtBeginShipoutBox 
                                                  \fi \fi 
l.455 
      ] [6pdfTeX warning (ext4): destination with the same identifier (name{fig
ure.1}) has been already used, duplicate ignored

\AtBegShi@Output ...ipout \box \AtBeginShipoutBox 
                                                  \fi \fi 
l.455 
       <./fatal_accidents_files/figure-latex/unnamed-chunk-5-1.pdf>]
<fatal_accidents_files/figure-latex/unnamed-chunk-6-1.pdf, id=108, 469.755pt x 
325.215pt>
File: fatal_accidents_files/figure-latex/unnamed-chunk-6-1.pdf Graphic file (ty
pe pdf)
<use fatal_accidents_files/figure-latex/unnamed-chunk-6-1.pdf>
Package pdftex.def Info: fatal_accidents_files/figure-latex/unnamed-chunk-6-1.p
df  used on input line 484.
(pdftex.def)             Requested size: 469.75386pt x 325.2142pt.
[7pdfTeX warning (ext4): destination with the same identifier (name{figure.2}) 
has been already used, duplicate ignored

\AtBegShi@Output ...ipout \box \AtBeginShipoutBox 
                                                  \fi \fi 
l.493 
       <./fatal_accidents_files/figure-latex/unnamed-chunk-6-1.pdf>] [8pdfTeX w
arning (ext4): destination with the same identifier (name{table.3}) has been al
ready used, duplicate ignored

\AtBegShi@Output ...ipout \box \AtBeginShipoutBox 
                                                  \fi \fi 
l.623 \end{Shaded}
                  ]
<fatal_accidents_files/figure-latex/unnamed-chunk-8-1.pdf, id=131, 867.24pt x 3
25.215pt>
File: fatal_accidents_files/figure-latex/unnamed-chunk-8-1.pdf Graphic file (ty
pe pdf)
<use fatal_accidents_files/figure-latex/unnamed-chunk-8-1.pdf>
Package pdftex.def Info: fatal_accidents_files/figure-latex/unnamed-chunk-8-1.p
df  used on input line 627.
(pdftex.def)             Requested size: 469.75827pt x 176.15933pt.
[9]

LaTeX Warning: `!h' float specifier changed to `!ht'.

[10pdfTeX warning (ext4): destination with the same identifier (name{figure.3})
 has been already used, duplicate ignored

\AtBegShi@Output ...ipout \box \AtBeginShipoutBox 
                                                  \fi \fi 
l.702 
       <./fatal_accidents_files/figure-latex/unnamed-chunk-8-1.pdf>]
<fatal_accidents_files/figure-latex/unnamed-chunk-10-1.pdf, id=151, 867.24pt x 
325.215pt>
File: fatal_accidents_files/figure-latex/unnamed-chunk-10-1.pdf Graphic file (t
ype pdf)
<use fatal_accidents_files/figure-latex/unnamed-chunk-10-1.pdf>
Package pdftex.def Info: fatal_accidents_files/figure-latex/unnamed-chunk-10-1.
pdf  used on input line 739.
(pdftex.def)             Requested size: 469.75827pt x 176.15933pt.
[11pdfTeX warning (ext4): destination with the same identifier (name{table.4}) 
has been already used, duplicate ignored

\AtBegShi@Output ...ipout \box \AtBeginShipoutBox 
                                                  \fi \fi 
l.763 \textbf{Insight 5}
                        : Figure 5 below shows a breakdown of the casualties]
<fatal_accidents_files/figure-latex/unnamed-chunk-11-1.pdf, id=160, 867.24pt x 
325.215pt>
File: fatal_accidents_files/figure-latex/unnamed-chunk-11-1.pdf Graphic file (t
ype pdf)
<use fatal_accidents_files/figure-latex/unnamed-chunk-11-1.pdf>
Package pdftex.def Info: fatal_accidents_files/figure-latex/unnamed-chunk-11-1.
pdf  used on input line 799.
(pdftex.def)             Requested size: 469.75827pt x 176.15933pt.
[12pdfTeX warning (ext4): destination with the same identifier (name{figure.4})
 has been already used, duplicate ignored

\AtBegShi@Output ...ipout \box \AtBeginShipoutBox 
                                                  \fi \fi 
l.811 
       <./fatal_accidents_files/figure-latex/unnamed-chunk-10-1.pdf>]
<fatal_accidents_files/figure-latex/unnamed-chunk-12-1.pdf, id=175, 867.24pt x 
325.215pt>
File: fatal_accidents_files/figure-latex/unnamed-chunk-12-1.pdf Graphic file (t
ype pdf)
<use fatal_accidents_files/figure-latex/unnamed-chunk-12-1.pdf>
Package pdftex.def Info: fatal_accidents_files/figure-latex/unnamed-chunk-12-1.
pdf  used on input line 854.
(pdftex.def)             Requested size: 469.75827pt x 176.15933pt.
[13pdfTeX warning (ext4): destination with the same identifier (name{figure.5})
 has been already used, duplicate ignored

\AtBegShi@Output ...ipout \box \AtBeginShipoutBox 
                                                  \fi \fi 
l.866 
       <./fatal_accidents_files/figure-latex/unnamed-chunk-11-1.pdf>] [14pdfTeX
 warning (ext4): destination with the same identifier (name{figure.6}) has been
 already used, duplicate ignored

\AtBegShi@Output ...ipout \box \AtBeginShipoutBox 
                                                  \fi \fi 
l.908 \end{Shaded}
                   <./fatal_accidents_files/figure-latex/unnamed-chunk-12-1.pdf
>]
<fatal_accidents_files/figure-latex/unnamed-chunk-13-1.pdf, id=207, 469.755pt x
 325.215pt>
File: fatal_accidents_files/figure-latex/unnamed-chunk-13-1.pdf Graphic file (t
ype pdf)
<use fatal_accidents_files/figure-latex/unnamed-chunk-13-1.pdf>
Package pdftex.def Info: fatal_accidents_files/figure-latex/unnamed-chunk-13-1.
pdf  used on input line 912.
(pdftex.def)             Requested size: 469.75386pt x 325.2142pt.

Overfull \vbox (1.10934pt too high) detected at line 955
 []

[15pdfTeX warning (ext4): destination with the same identifier (name{figure.7})
 has been already used, duplicate ignored

\AtBegShi@Output ...ipout \box \AtBeginShipoutBox 
                                                  \fi \fi 
l.955 \end{Shaded}
                   <./fatal_accidents_files/figure-latex/unnamed-chunk-13-1.pdf
>] [16pdfTeX warning (ext4): destination with the same identifier (name{table.5
}) has been already used, duplicate ignored

\AtBegShi@Output ...ipout \box \AtBeginShipoutBox 
                                                  \fi \fi 
l.1016 \end{Shaded}
                   ]
<fatal_accidents_files/figure-latex/unnamed-chunk-15-1.pdf, id=228, 469.755pt x
 325.215pt>
File: fatal_accidents_files/figure-latex/unnamed-chunk-15-1.pdf Graphic file (t
ype pdf)
<use fatal_accidents_files/figure-latex/unnamed-chunk-15-1.pdf>
Package pdftex.def Info: fatal_accidents_files/figure-latex/unnamed-chunk-15-1.
pdf  used on input line 1020.
(pdftex.def)             Requested size: 469.75386pt x 325.2142pt.
[17pdfTeX warning (ext4): destination with the same identifier (name{figure.8})
 has been already used, duplicate ignored

\AtBegShi@Output ...ipout \box \AtBeginShipoutBox 
                                                  \fi \fi 
l.1062 \end{Shaded}
                    <./fatal_accidents_files/figure-latex/unnamed-chunk-15-1.pd
f>]
<fatal_accidents_files/figure-latex/unnamed-chunk-16-1.pdf, id=243, 469.755pt x
 325.215pt>
File: fatal_accidents_files/figure-latex/unnamed-chunk-16-1.pdf Graphic file (t
ype pdf)
<use fatal_accidents_files/figure-latex/unnamed-chunk-16-1.pdf>
Package pdftex.def Info: fatal_accidents_files/figure-latex/unnamed-chunk-16-1.
pdf  used on input line 1066.
(pdftex.def)             Requested size: 469.75386pt x 325.2142pt.
[18pdfTeX warning (ext4): destination with the same identifier (name{figure.9})
 has been already used, duplicate ignored

\AtBegShi@Output ...ipout \box \AtBeginShipoutBox 
                                                  \fi \fi 
l.1113 \end{Shaded}
                    <./fatal_accidents_files/figure-latex/unnamed-chunk-16-1.pd
f>]
<fatal_accidents_files/figure-latex/unnamed-chunk-17-1.pdf, id=257, 469.755pt x
 325.215pt>
File: fatal_accidents_files/figure-latex/unnamed-chunk-17-1.pdf Graphic file (t
ype pdf)
<use fatal_accidents_files/figure-latex/unnamed-chunk-17-1.pdf>
Package pdftex.def Info: fatal_accidents_files/figure-latex/unnamed-chunk-17-1.
pdf  used on input line 1117.
(pdftex.def)             Requested size: 469.75386pt x 325.2142pt.
[19] [20pdfTeX warning (ext4): destination with the same identifier (name{figur
e.10}) has been already used, duplicate ignored

\AtBegShi@Output ...ipout \box \AtBeginShipoutBox 
                                                  \fi \fi 
l.1155 \end{Shaded}
                    <./fatal_accidents_files/figure-latex/unnamed-chunk-17-1.pd
f>] [21pdfTeX warning (ext4): destination with the same identifier (name{table.
6}) has been already used, duplicate ignored

\AtBegShi@Output ...ipout \box \AtBeginShipoutBox 
                                                  \fi \fi 
l.1218 \end{Shaded}
                   ]
<fatal_accidents_files/figure-latex/unnamed-chunk-19-1.pdf, id=286, 469.755pt x
 325.215pt>
File: fatal_accidents_files/figure-latex/unnamed-chunk-19-1.pdf Graphic file (t
ype pdf)
<use fatal_accidents_files/figure-latex/unnamed-chunk-19-1.pdf>
Package pdftex.def Info: fatal_accidents_files/figure-latex/unnamed-chunk-19-1.
pdf  used on input line 1222.
(pdftex.def)             Requested size: 469.75386pt x 325.2142pt.
[22pdfTeX warning (ext4): destination with the same identifier (name{figure.11}
) has been already used, duplicate ignored

\AtBegShi@Output ...ipout \box \AtBeginShipoutBox 
                                                  \fi \fi 
l.1259 
        <./fatal_accidents_files/figure-latex/unnamed-chunk-19-1.pdf>]
<fatal_accidents_files/figure-latex/unnamed-chunk-20-1.pdf, id=301, 469.755pt x
 325.215pt>
File: fatal_accidents_files/figure-latex/unnamed-chunk-20-1.pdf Graphic file (t
ype pdf)
<use fatal_accidents_files/figure-latex/unnamed-chunk-20-1.pdf>
Package pdftex.def Info: fatal_accidents_files/figure-latex/unnamed-chunk-20-1.
pdf  used on input line 1304.
(pdftex.def)             Requested size: 469.75386pt x 325.2142pt.
[23] [24 <./fatal_accidents_files/figure-latex/unnamed-chunk-20-1.pdf>]
Overfull \hbox (20.58115pt too wide) in paragraph at lines 1421--1421
[]\T1/lmr/m/n/10 (-20) skim_variable|  
 []


Overfull \hbox (22.17119pt too wide) in paragraph at lines 1421--1421
 []\T1/lmr/m/n/10 (-20) complete_rate|
 []


Overfull \hbox (19.44261pt too wide) in paragraph at lines 1421--1421
 []\T1/lmr/m/n/10 (-20) numeric.mean|
 []


Overfull \hbox (5.88626pt too wide) in paragraph at lines 1421--1421
 []\T1/lmr/m/n/10 (-20) numeric.sd|
 []


Overfull \hbox (6.92065pt too wide) in paragraph at lines 1421--1421
 []\T1/lmr/m/n/10 (-20) numeric.p0|
 []


Overfull \hbox (11.82065pt too wide) in paragraph at lines 1421--1421
 []\T1/lmr/m/n/10 (-20) numeric.p25|
 []


Overfull \hbox (11.82065pt too wide) in paragraph at lines 1421--1421
 []\T1/lmr/m/n/10 (-20) numeric.p50|
 []


Overfull \hbox (11.82065pt too wide) in paragraph at lines 1421--1421
 []\T1/lmr/m/n/10 (-20) numeric.p75|
 []


Overfull \hbox (16.72064pt too wide) in paragraph at lines 1421--1421
 []\T1/lmr/m/n/10 (-20) numeric.p100|
 []


Overfull \hbox (35.00415pt too wide) in paragraph at lines 1421--1421
[]\T1/lmr/m/n/10 (-20) accident_severity|  
 []


Overfull \hbox (1.22714pt too wide) in paragraph at lines 1421--1421
 []\T1/lmr/m/n/10 (-20) 1.0000000|
 []


Overfull \hbox (1.47714pt too wide) in paragraph at lines 1421--1421
 []\T1/lmr/m/n/10 (-20) 2.7682321|
 []


Overfull \hbox (1.72714pt too wide) in paragraph at lines 1421--1421
 []\T1/lmr/m/n/10 (-20) 0.4566821|
 []


Overfull \hbox (47.53091pt too wide) in paragraph at lines 1421--1421
[]\T1/lmr/m/n/10 (-20) number_of_vehicles|  
 []


Overfull \hbox (1.22714pt too wide) in paragraph at lines 1421--1421
 []\T1/lmr/m/n/10 (-20) 1.0000000|
 []


Overfull \hbox (1.22714pt too wide) in paragraph at lines 1421--1421
 []\T1/lmr/m/n/10 (-20) 1.8352723|
 []


Overfull \hbox (1.72714pt too wide) in paragraph at lines 1421--1421
 []\T1/lmr/m/n/10 (-20) 0.6772721|
 []


Overfull \hbox (55.75748pt too wide) in paragraph at lines 1421--1421
[]\T1/lmr/m/n/10 (-20) number_of_casualties|  
 []


Overfull \hbox (1.22714pt too wide) in paragraph at lines 1421--1421
 []\T1/lmr/m/n/10 (-20) 1.0000000|
 []


Overfull \hbox (1.22714pt too wide) in paragraph at lines 1421--1421
 []\T1/lmr/m/n/10 (-20) 1.2673823|
 []


Overfull \hbox (1.72714pt too wide) in paragraph at lines 1421--1421
 []\T1/lmr/m/n/10 (-20) 0.6814733|
 []


Overfull \hbox (30.25627pt too wide) in paragraph at lines 1421--1421
[]\T1/lmr/m/n/10 (-20) first_road_class|  
 []


Overfull \hbox (1.22714pt too wide) in paragraph at lines 1421--1421
 []\T1/lmr/m/n/10 (-20) 1.0000000|
 []


Overfull \hbox (1.37714pt too wide) in paragraph at lines 1421--1421
 []\T1/lmr/m/n/10 (-20) 4.2203204|
 []


Overfull \hbox (1.22714pt too wide) in paragraph at lines 1421--1421
 []\T1/lmr/m/n/10 (-20) 1.4434755|
 []


Overfull \hbox (42.9629pt too wide) in paragraph at lines 1421--1421
[]\T1/lmr/m/n/10 (-20) first_road_number|  
 []


Overfull \hbox (1.22714pt too wide) in paragraph at lines 1421--1421
 []\T1/lmr/m/n/10 (-20) 1.0000000|
 []


Overfull \hbox (11.27713pt too wide) in paragraph at lines 1421--1421
 []\T1/lmr/m/n/10 (-20) 790.6660709|
 []


Overfull \hbox (15.92712pt too wide) in paragraph at lines 1421--1421
 []\T1/lmr/m/n/10 (-20) 1580.8177432|
 []


Overfull \hbox (5.02136pt too wide) in paragraph at lines 1421--1421
[]\T1/lmr/m/n/10 (-20) road_type|  
 []


Overfull \hbox (1.22714pt too wide) in paragraph at lines 1421--1421
 []\T1/lmr/m/n/10 (-20) 1.0000000|
 []


Overfull \hbox (1.72714pt too wide) in paragraph at lines 1421--1421
 []\T1/lmr/m/n/10 (-20) 5.2560006|
 []


Overfull \hbox (1.22714pt too wide) in paragraph at lines 1421--1421
 []\T1/lmr/m/n/10 (-20) 1.6848780|
 []


Overfull \hbox (11.04256pt too wide) in paragraph at lines 1421--1421
[]\T1/lmr/m/n/10 (-20) speed_limit|  
 []


Overfull \hbox (1.72714pt too wide) in paragraph at lines 1421--1421
 []\T1/lmr/m/n/10 (-20) 0.9998684|
 []


Overfull \hbox (6.37714pt too wide) in paragraph at lines 1421--1421
 []\T1/lmr/m/n/10 (-20) 36.2750173|
 []


Overfull \hbox (6.12714pt too wide) in paragraph at lines 1421--1421
 []\T1/lmr/m/n/10 (-20) 13.8903666|
 []


Overfull \hbox (26.2272pt too wide) in paragraph at lines 1421--1421
[]\T1/lmr/m/n/10 (-20) junction_detail|  
 []


Overfull \hbox (1.72714pt too wide) in paragraph at lines 1421--1421
 []\T1/lmr/m/n/10 (-20) 0.9999781|
 []


Overfull \hbox (1.47714pt too wide) in paragraph at lines 1421--1421
 []\T1/lmr/m/n/10 (-20) 3.9349869|
 []


Overfull \hbox (6.12714pt too wide) in paragraph at lines 1421--1421
 []\T1/lmr/m/n/10 (-20) 12.6128945|
 []


Overfull \hbox (31.96555pt too wide) in paragraph at lines 1421--1421
[]\T1/lmr/m/n/10 (-20) junction_control|  
 []


Overfull \hbox (1.72714pt too wide) in paragraph at lines 1421--1421
 []\T1/lmr/m/n/10 (-20) 0.5800612|
 []


Overfull \hbox (1.47714pt too wide) in paragraph at lines 1421--1421
 []\T1/lmr/m/n/10 (-20) 3.7193248|
 []


Overfull \hbox (1.22714pt too wide) in paragraph at lines 1421--1421
 []\T1/lmr/m/n/10 (-20) 1.2284939|
 []


Overfull \hbox (41.66232pt too wide) in paragraph at lines 1421--1421
[]\T1/lmr/m/n/10 (-20) second_road_class|  
 []


Overfull \hbox (1.22714pt too wide) in paragraph at lines 1421--1421
 []\T1/lmr/m/n/10 (-20) 1.0000000|
 []


Overfull \hbox (1.72714pt too wide) in paragraph at lines 1421--1421
 []\T1/lmr/m/n/10 (-20) 5.5517714|
 []


Overfull \hbox (1.22714pt too wide) in paragraph at lines 1421--1421
 []\T1/lmr/m/n/10 (-20) 1.0151126|
 []


Overfull \hbox (54.36896pt too wide) in paragraph at lines 1421--1421
[]\T1/lmr/m/n/10 (-20) second_road_number|  
 []


Overfull \hbox (1.72714pt too wide) in paragraph at lines 1421--1421
 []\T1/lmr/m/n/10 (-20) 0.9999232|
 []


Overfull \hbox (11.27713pt too wide) in paragraph at lines 1421--1421
 []\T1/lmr/m/n/10 (-20) 220.2489692|
 []


Overfull \hbox (11.52713pt too wide) in paragraph at lines 1421--1421
 []\T1/lmr/m/n/10 (-20) 913.7258441|
 []


Overfull \hbox (119.02193pt too wide) in paragraph at lines 1421--1421
[]\T1/lmr/m/n/10 (-20) pedestrian_crossing_human_control|  
 []


Overfull \hbox (1.72714pt too wide) in paragraph at lines 1421--1421
 []\T1/lmr/m/n/10 (-20) 0.9984320|
 []


Overfull \hbox (1.72714pt too wide) in paragraph at lines 1421--1421
 []\T1/lmr/m/n/10 (-20) 0.3551002|
 []


Overfull \hbox (1.22714pt too wide) in paragraph at lines 1421--1421
 []\T1/lmr/m/n/10 (-20) 1.6986016|
 []


Overfull \hbox (129.72653pt too wide) in paragraph at lines 1421--1421
[]\T1/lmr/m/n/10 (-20) pedestrian_crossing_physical_facilities|  
 []


Overfull \hbox (1.72714pt too wide) in paragraph at lines 1421--1421
 []\T1/lmr/m/n/10 (-20) 0.9985197|
 []


Overfull \hbox (1.22714pt too wide) in paragraph at lines 1421--1421
 []\T1/lmr/m/n/10 (-20) 1.1885487|
 []


Overfull \hbox (1.47714pt too wide) in paragraph at lines 1421--1421
 []\T1/lmr/m/n/10 (-20) 2.4462881|
 []


Overfull \hbox (30.0872pt too wide) in paragraph at lines 1421--1421
[]\T1/lmr/m/n/10 (-20) light_conditions|  
 []


Overfull \hbox (1.72714pt too wide) in paragraph at lines 1421--1421
 []\T1/lmr/m/n/10 (-20) 0.9999890|
 []


Overfull \hbox (1.47714pt too wide) in paragraph at lines 1421--1421
 []\T1/lmr/m/n/10 (-20) 2.0653413|
 []


Overfull \hbox (1.22714pt too wide) in paragraph at lines 1421--1421
 []\T1/lmr/m/n/10 (-20) 1.7476701|
 []


Overfull \hbox (43.90994pt too wide) in paragraph at lines 1421--1421
[]\T1/lmr/m/n/10 (-20) weather_conditions|  
 []


Overfull \hbox (1.72714pt too wide) in paragraph at lines 1421--1421
 []\T1/lmr/m/n/10 (-20) 0.9999890|
 []


Overfull \hbox (1.22714pt too wide) in paragraph at lines 1421--1421
 []\T1/lmr/m/n/10 (-20) 1.7020768|
 []


Overfull \hbox (1.22714pt too wide) in paragraph at lines 1421--1421
 []\T1/lmr/m/n/10 (-20) 1.8457741|
 []


Overfull \hbox (66.95163pt too wide) in paragraph at lines 1421--1421
[]\T1/lmr/m/n/10 (-20) road_surface_conditions|  
 []


Overfull \hbox (1.72714pt too wide) in paragraph at lines 1421--1421
 []\T1/lmr/m/n/10 (-20) 0.9965350|
 []


Overfull \hbox (1.22714pt too wide) in paragraph at lines 1421--1421
 []\T1/lmr/m/n/10 (-20) 1.3998988|
 []


Overfull \hbox (1.72714pt too wide) in paragraph at lines 1421--1421
 []\T1/lmr/m/n/10 (-20) 0.9164743|
 []


Overfull \hbox (77.57428pt too wide) in paragraph at lines 1421--1421
[]\T1/lmr/m/n/10 (-20) special_conditions_at_site|  
 []


Overfull \hbox (1.72714pt too wide) in paragraph at lines 1421--1421
 []\T1/lmr/m/n/10 (-20) 0.9976096|
 []


Overfull \hbox (1.72714pt too wide) in paragraph at lines 1421--1421
 []\T1/lmr/m/n/10 (-20) 0.2477221|
 []


Overfull \hbox (1.22714pt too wide) in paragraph at lines 1421--1421
 []\T1/lmr/m/n/10 (-20) 1.3187224|
 []


Overfull \hbox (50.3078pt too wide) in paragraph at lines 1421--1421
[]\T1/lmr/m/n/10 (-20) carriageway_hazards|  
 []


Overfull \hbox (1.72714pt too wide) in paragraph at lines 1421--1421
 []\T1/lmr/m/n/10 (-20) 0.9977193|
 []


Overfull \hbox (1.72714pt too wide) in paragraph at lines 1421--1421
 []\T1/lmr/m/n/10 (-20) 0.1832929|
 []


Overfull \hbox (1.22714pt too wide) in paragraph at lines 1421--1421
 []\T1/lmr/m/n/10 (-20) 1.1497169|
 []


Overfull \hbox (54.402pt too wide) in paragraph at lines 1421--1421
[]\T1/lmr/m/n/10 (-20) urban_or_rural_area|  
 []


Overfull \hbox (1.22714pt too wide) in paragraph at lines 1421--1421
 []\T1/lmr/m/n/10 (-20) 1.0000000|
 []


Overfull \hbox (1.22714pt too wide) in paragraph at lines 1421--1421
 []\T1/lmr/m/n/10 (-20) 1.3232053|
 []


Overfull \hbox (1.72714pt too wide) in paragraph at lines 1421--1421
 []\T1/lmr/m/n/10 (-20) 0.4680310|
 []


LaTeX Warning: `!h' float specifier changed to `!ht'.

Package atveryend Info: Empty hook `BeforeClearDocument' on input line 1424.
[25] [26pdfTeX warning (ext4): destination with the same identifier (name{table
.7}) has been already used, duplicate ignored

\AtBegShi@Output ...ipout \box \AtBeginShipoutBox 
                                                  \fi \fi 
l.1424 \end{document}
                     ]
Package atveryend Info: Empty hook `AfterLastShipout' on input line 1424.
(./fatal_accidents.aux)
Package atveryend Info: Executing hook `AtVeryEndDocument' on input line 1424.
Package atveryend Info: Empty hook `AtEndAfterFileList' on input line 1424.
 ) 
Here is how much of TeX's memory you used:
 15165 strings out of 481745
 223193 string characters out of 5930830
 566714 words of memory out of 5000000
 29791 multiletter control sequences out of 15000+600000
 606894 words of font info for 124 fonts, out of 8000000 for 9000
 891 hyphenation exceptions out of 8191
 41i,15n,42p,1330b,480s stack positions out of 5000i,500n,10000p,200000b,80000s
{/usr/share/texmf/fonts/enc/dvips/lm/lm-ec.enc}</usr/share/texmf/fonts/type1/
public/lm/lmbx10.pfb></usr/share/texmf/fonts/type1/public/lm/lmbx12.pfb></usr/s
hare/texmf/fonts/type1/public/lm/lmr10.pfb></usr/share/texmf/fonts/type1/public
/lm/lmr12.pfb></usr/share/texmf/fonts/type1/public/lm/lmr6.pfb></usr/share/texm
f/fonts/type1/public/lm/lmr7.pfb></usr/share/texmf/fonts/type1/public/lm/lmr8.p
fb></usr/share/texmf/fonts/type1/public/lm/lmri12.pfb></usr/share/texmf/fonts/t
ype1/public/lm/lmri8.pfb></usr/share/texmf/fonts/type1/public/lm/lmtko10.pfb></
usr/share/texmf/fonts/type1/public/lm/lmtt10.pfb></usr/share/texmf/fonts/type1/
public/lm/lmtti10.pfb>
Output written on fatal_accidents.pdf (26 pages, 453630 bytes).
PDF statistics:
 430 PDF objects out of 1000 (max. 8388607)
 348 compressed objects within 4 object streams
 90 named destinations out of 1000 (max. 500000)
 16541 words of extra memory for PDF output out of 17280 (max. 10000000)

